2024-01-01 11:30:25 Using browser-only version of superagent in non-browser environment
2024-01-01 11:30:25 Configuration directory URI: 'file:///home/surt/.arduinoIDE'
2024-01-01 11:30:25 Configuring to accept webviews on '^.+\.webview\..+$' hostname.
2024-01-01 11:30:25 2024-01-01T06:00:25.907Z root INFO Backend Object.initialize: 3.9 ms [Finished 0.358 s after backend start]
2024-01-01 11:30:25 2024-01-01T06:00:25.908Z root INFO Backend Object.configure: 3.3 ms [Finished 0.359 s after backend start]
2024-01-01 11:30:25 2024-01-01T06:00:25.908Z root INFO Backend a.onStart: 1.1 ms [Finished 0.359 s after backend start]
2024-01-01 11:30:25 2024-01-01T06:00:25.909Z root INFO Backend a.configure: 0.3 ms [Finished 0.378 s after backend start]
2024-01-01 11:30:25 2024-01-01T06:00:25.909Z root INFO Backend u.onStart: 0.2 ms [Finished 0.378 s after backend start]
2024-01-01 11:30:25 2024-01-01T06:00:25.910Z root INFO Backend d.configure: 0.1 ms [Finished 0.378 s after backend start]
2024-01-01 11:30:25 2024-01-01T06:00:25.910Z root INFO Backend d.initialize: 19.5 ms [Finished 0.378 s after backend start]
2024-01-01 11:30:25 2024-01-01T06:00:25.910Z root INFO Backend c.onStart: 0.2 ms [Finished 0.378 s after backend start]
2024-01-01 11:30:25 2024-01-01T06:00:25.911Z root INFO Backend s.configure: 1.1 ms [Finished 0.379 s after backend start]
2024-01-01 11:30:25 2024-01-01T06:00:25.912Z config INFO >>> Initializing CLI configuration...
2024-01-01 11:30:25 2024-01-01T06:00:25.912Z root INFO Backend c.initialize: 0.4 ms [Finished 0.380 s after backend start]
2024-01-01 11:30:25 2024-01-01T06:00:25.912Z root INFO Backend P.onStart: 0.6 ms [Finished 0.380 s after backend start]
2024-01-01 11:30:25 2024-01-01T06:00:25.912Z config INFO Loading CLI configuration from /home/surt/.arduinoIDE/arduino-cli.yaml...
2024-01-01 11:30:25 2024-01-01T06:00:25.913Z daemon INFO Starting daemon from /opt/arduino-ide/resources/app/lib/backend/resources/arduino-cli...
2024-01-01 11:30:25 2024-01-01T06:00:25.913Z root INFO Backend s.initialize: 0.4 ms [Finished 0.381 s after backend start]
2024-01-01 11:30:25 2024-01-01T06:00:25.913Z root INFO Backend w.onStart: 0.7 ms [Finished 0.381 s after backend start]
2024-01-01 11:30:25 2024-01-01T06:00:25.913Z root INFO Backend r.configure: 1.3 ms [Finished 0.381 s after backend start]
2024-01-01 11:30:25 2024-01-01T06:00:25.913Z discovery-log INFO start
2024-01-01 11:30:25 2024-01-01T06:00:25.913Z discovery-log INFO start new deferred
2024-01-01 11:30:25 2024-01-01T06:00:25.913Z root INFO Backend d.initialize: 0.2 ms [Finished 0.382 s after backend start]
2024-01-01 11:30:25 2024-01-01T06:00:25.913Z root INFO Backend y.onStart: 1.3 ms [Finished 0.383 s after backend start]
2024-01-01 11:30:25 2024-01-01T06:00:25.913Z root INFO Backend r.configure: 1.2 ms [Finished 0.383 s after backend start]
2024-01-01 11:30:25 2024-01-01T06:00:25.913Z root INFO Backend s.onStart: 0.3 ms [Finished 0.384 s after backend start]
2024-01-01 11:30:25 2024-01-01T06:00:25.913Z root INFO Backend h.configure: 0.3 ms [Finished 0.384 s after backend start]
2024-01-01 11:30:25 2024-01-01T06:00:25.913Z root INFO Backend a.configure: 0.1 ms [Finished 0.384 s after backend start]
2024-01-01 11:30:25 2024-01-01T06:00:25.913Z root INFO Backend s.configure: 0.0 ms [Finished 0.384 s after backend start]
2024-01-01 11:30:25 2024-01-01T06:00:25.913Z root INFO Backend l.configure: 0.0 ms [Finished 0.384 s after backend start]
2024-01-01 11:30:25 2024-01-01T06:00:25.915Z root INFO Theia app listening on http://localhost:38943.
2024-01-01 11:30:25 2024-01-01T06:00:25.915Z root INFO Finished starting backend application: 2.2 ms [Finished 0.386 s after backend start]
2024-01-01 11:30:25 2024-01-01T06:00:25.916Z root WARN The local plugin referenced by local-dir:/home/surt/.arduinoIDE/plugins does not exist.
2024-01-01 11:30:25 2024-01-01T06:00:25.916Z root WARN The local plugin referenced by local-dir:/home/surt/.arduinoIDE/extensions does not exist.
2024-01-01 11:30:25 2024-01-01T06:00:25.937Z config INFO Loaded CLI configuration: {"board_manager":{"additional_urls":[]},"build_cache":{"compilations_before_purge":10,"ttl":"720h0m0s"},"daemon":{"port":"50051"},"directories":{"data":"/home/surt/.arduino15","downloads":"/home/surt/.arduino15/staging","user":"/home/surt/Arduino"},"library":{"enable_unsafe_install":false},"logging":{"file":"","format":"text","level":"info"},"metrics":{"addr":":9090","enabled":true},"output":{"no_color":false},"sketch":{"always_export_binaries":false},"updater":{"enable_notification":true}}
2024-01-01 11:30:25 2024-01-01T06:00:25.937Z config INFO 'directories.data' and 'directories.user' are set in the CLI configuration model.
2024-01-01 11:30:25 2024-01-01T06:00:25.937Z config INFO Loaded the CLI configuration.
2024-01-01 11:30:25 2024-01-01T06:00:25.944Z config INFO Mapped the CLI configuration: {"dataDirUri":"file:///home/surt/.arduino15","sketchDirUri":"file:///home/surt/Arduino","additionalUrls":[],"network":"none","locale":"en"}
2024-01-01 11:30:25 2024-01-01T06:00:25.944Z config INFO Validating the CLI configuration...
2024-01-01 11:30:25 2024-01-01T06:00:25.945Z config INFO The CLI config is valid.
2024-01-01 11:30:25 2024-01-01T06:00:25.946Z config INFO <<< Initialized the CLI configuration.
2024-01-01 11:30:25 2024-01-01T06:00:25.953Z root INFO Resolve plugins list: 40.3 ms [Finished 0.423 s after backend start]
2024-01-01 11:30:25 2024-01-01T06:00:25.981Z daemon INFO time="2024-01-01T11:30:25+05:30" level=info msg="Using config file: /home/surt/.arduinoIDE/arduino-cli.yaml"
time="2024-01-01T11:30:25+05:30" level=info msg="arduino-cli version 0.34.0"
time="2024-01-01T11:30:25+05:30" level=info msg="Executing `arduino-cli daemon`"
Daemon is now listening on 127.0.0.1:33543
{"IP":"127.0.0.1","Port":"33543"}
2024-01-01 11:30:25 2024-01-01T06:00:25.982Z daemon INFO Daemon is running.
2024-01-01 11:30:26 2024-01-01T06:00:26.045Z daemon INFO time="2024-01-01T11:30:26+05:30" level=info msg="Checking signature" index=/home/surt/.arduino15/package_index.json signatureFile=/home/surt/.arduino15/package_index.json.sig trusted=true
time="2024-01-01T11:30:26+05:30" level=info msg="Loading hardware from: /home/surt/.arduino15/packages"
time="2024-01-01T11:30:26+05:30" level=info msg="Loading package arduino from: /home/surt/.arduino15/packages/arduino/hardware"
time="2024-01-01T11:30:26+05:30" level=info msg="Checking existence of 'tools' path: /home/surt/.arduino15/packages/arduino/tools"
time="2024-01-01T11:30:26+05:30" level=info msg="Loading tools from dir: /home/surt/.arduino15/packages/arduino/tools"
time="2024-01-01T11:30:26+05:30" level=info msg="Loading package builtin from: /home/surt/.arduino15/packages/builtin"
time="2024-01-01T11:30:26+05:30" level=info msg="Checking existence of 'tools' path: /home/surt/.arduino15/packages/builtin/tools"
time="2024-01-01T11:30:26+05:30" level=info msg="Loading tools from dir: /home/surt/.arduino15/packages/builtin/tools"
time="2024-01-01T11:30:26+05:30" level=info msg="Loaded tool" tool="builtin:ctags@5.8-arduino11"
time="2024-01-01T11:30:26+05:30" level=info msg="Loaded tool" tool="builtin:dfu-discovery@0.1.2"
time="2024-01-01T11:30:26+05:30" level=info msg="Loaded tool" tool="builtin:mdns-discovery@1.0.9"
time="2024-01-01T11:30:26+05:30" level=info msg="Loaded tool" tool="builtin:serial-discovery@1.4.0"
time="2024-01-01T11:30:26+05:30" level=info msg="Loaded tool" tool="builtin:serial-monitor@0.13.0"
time="2024-01-01T11:30:26+05:30" level=info msg="Loading libraries index file" index=/home/surt/.arduino15/library_index.json
2024-01-01 11:30:26 2024-01-01T06:00:26.139Z daemon INFO time="2024-01-01T11:30:26+05:30" level=info msg="Adding libraries dir" dir=/home/surt/.arduino15/libraries location=ide
time="2024-01-01T11:30:26+05:30" level=info msg="Adding libraries dir" dir=/home/surt/Arduino/libraries location=user
2024-01-01 11:30:26 2024-01-01T06:00:26.173Z discovery-log INFO start request start watch
2024-01-01 11:30:26 2024-01-01T06:00:26.174Z discovery-log INFO start requested start watch
2024-01-01 11:30:26 2024-01-01T06:00:26.174Z discovery-log INFO start resolved watching
2024-01-01 11:30:26 2024-01-01T06:00:26.212Z daemon INFO time="2024-01-01T11:30:26+05:30" level=info msg="starting discovery builtin:mdns-discovery process"
time="2024-01-01T11:30:26+05:30" level=info msg="starting discovery builtin:serial-discovery process"
time="2024-01-01T11:30:26+05:30" level=info msg="started discovery builtin:mdns-discovery process"
time="2024-01-01T11:30:26+05:30" level=info msg="sending command HELLO 1 \"arduino-cli 0.34.0\" to discovery builtin:mdns-discovery"
time="2024-01-01T11:30:26+05:30" level=info msg="started discovery builtin:serial-discovery process"
time="2024-01-01T11:30:26+05:30" level=info msg="sending command HELLO 1 \"arduino-cli 0.34.0\" to discovery builtin:serial-discovery"
time="2024-01-01T11:30:26+05:30" level=info msg="from discovery builtin:serial-discovery received message type: hello, message: OK, protocol version: 1"
time="2024-01-01T11:30:26+05:30" level=info msg="sending command START_SYNC to discovery builtin:serial-discovery"
time="2024-01-01T11:30:26+05:30" level=info msg="from discovery builtin:mdns-discovery received message type: hello, message: OK, protocol version: 1"
time="2024-01-01T11:30:26+05:30" level=info msg="sending command START_SYNC to discovery builtin:mdns-discovery"
time="2024-01-01T11:30:26+05:30" level=info msg="from discovery builtin:serial-discovery received message type: start_sync, message: OK"
time="2024-01-01T11:30:26+05:30" level=info msg="from discovery builtin:mdns-discovery received message type: start_sync, message: OK"
2024-01-01 11:30:26 2024-01-01T06:00:26.594Z root INFO Deploy plugins list: 40.3 ms [Finished 1.065 s after backend start]
2024-01-01 11:30:27 2024-01-01T06:00:27.092Z root WARN Frontend a.configure took longer than the expected maximum 100 milliseconds: 213.9 ms [Finished 1.119 s after frontend start]
2024-01-01 11:30:27 2024-01-01T06:00:27.094Z root WARN A command editor.action.toggleStickyScroll is already registered.
2024-01-01 11:30:27 2024-01-01T06:00:27.100Z sketches-service WARN Warning! The request sketch path was different than the response sketch path from the CLI. This could be a potential bug. Request: </home/surt/Downloads/Electric-Tandoor-09sept2023/Electric-Tandoor-09sept2023.ino>, response: </home/surt/Downloads/Electric-Tandoor-09sept2023>.
2024-01-01 11:30:27 2024-01-01T06:00:27.201Z root INFO Start frontend contributions: 383.8 ms [Finished 1.231 s after frontend start]
2024-01-01 11:30:27 2024-01-01T06:00:27.203Z root INFO Changed application state from 'init' to 'started_contributions'.
2024-01-01 11:30:27 2024-01-01T06:00:27.216Z root INFO Changed application state from 'started_contributions' to 'attached_shell'.
2024-01-01 11:30:27 2024-01-01T06:00:27.217Z root INFO >>> Restoring the layout state...
2024-01-01 11:30:27 2024-01-01T06:00:27.217Z root INFO ------- SERIALIZED LAYOUT DATA -------
2024-01-01 11:30:27 2024-01-01T06:00:27.217Z root INFO {"version":5,"mainPanel":{"main":{"type":"tab-area","widgets":[{"constructionOptions":{"factoryId":"code-editor-opener","options":{"counter":0,"kind":"navigatable","uri":"file:///home/surt/Downloads/Electric-Tandoor-09sept2023/Electric-Tandoor-09sept2023.ino"}},"innerWidgetState":"{\"cursorState\":[{\"inSelectionMode\":false,\"selectionStart\":{\"lineNumber\":66,\"column\":1},\"position\":{\"lineNumber\":66,\"column\":1}}],\"viewState\":{\"scrollLeft\":0,\"firstPosition\":{\"lineNumber\":94,\"column\":1},\"firstPositionDeltaTop\":-3},\"contributionsState\":{\"editor.contrib.folding\":{\"lineCount\":572,\"provider\":\"indent\",\"foldedImports\":false},\"editor.contrib.wordHighlighter\":false}}"}],"currentIndex":0}},"mainPanelPinned":[false],"bottomPanel":{"config":{"main":{"type":"tab-area","widgets":[{"constructionOptions":{"factoryId":"outputView"},"innerWidgetState":"{\"locked\":false}"}],"currentIndex":0}},"pinned":[false],"size":401,"expanded":true},"leftPanel":{"type":"sidepanel","items":[{"widget":{"constructionOptions":{"factoryId":"arduino-sketchbook-widget"}},"rank":1,"expanded":false,"pinned":false},{"widget":{"constructionOptions":{"factoryId":"boards-list-widget"}},"rank":2,"expanded":false,"pinned":false},{"widget":{"constructionOptions":{"factoryId":"library-list-widget"}},"rank":3,"expanded":false,"pinned":false},{"widget":{"constructionOptions":{"factoryId":"debug"},"innerWidgetState":"{\"parts\":[{\"partId\":\"debug:threads:-1\",\"collapsed\":false,\"hidden\":false,\"originalContainerId\":\"debug:view-container:-1\",\"originalContainerTitle\":{\"label\":\"debug\",\"iconClass\":\"codicon codicon-debug-alt\",\"closeable\":true},\"widget\":{\"constructionOptions\":{\"factoryId\":\"debug:threads\"},\"innerWidgetState\":\"{}\"}},{\"partId\":\"debug:frames:-1\",\"collapsed\":false,\"hidden\":false,\"originalContainerId\":\"debug:view-container:-1\",\"originalContainerTitle\":{\"label\":\"debug\",\"iconClass\":\"codicon codicon-debug-alt\",\"closeable\":true},\"widget\":{\"constructionOptions\":{\"factoryId\":\"debug:frames\"},\"innerWidgetState\":\"{}\"}},{\"partId\":\"debug:variables:-1\",\"collapsed\":false,\"hidden\":false,\"originalContainerId\":\"debug:view-container:-1\",\"originalContainerTitle\":{\"label\":\"debug\",\"iconClass\":\"codicon codicon-debug-alt\",\"closeable\":true},\"widget\":{\"constructionOptions\":{\"factoryId\":\"debug:variables\"},\"innerWidgetState\":\"{}\"}},{\"partId\":\"debug:watch:-1\",\"collapsed\":false,\"hidden\":false,\"originalContainerId\":\"debug:view-container:-1\",\"originalContainerTitle\":{\"label\":\"debug\",\"iconClass\":\"codicon codicon-debug-alt\",\"closeable\":true},\"widget\":{\"constructionOptions\":{\"factoryId\":\"debug:watch\"},\"innerWidgetState\":\"{}\"}},{\"partId\":\"debug:breakpoints:-1\",\"collapsed\":false,\"hidden\":false,\"originalContainerId\":\"debug:view-container:-1\",\"originalContainerTitle\":{\"label\":\"debug\",\"iconClass\":\"codicon codicon-debug-alt\",\"closeable\":true},\"widget\":{\"constructionOptions\":{\"factoryId\":\"debug:breakpoints\"},\"innerWidgetState\":\"{}\"}},{\"partId\":\"plugin-view:cortex-debug.peripherals\",\"collapsed\":true,\"hidden\":true,\"originalContainerId\":\"debug:view-container:-1\",\"originalContainerTitle\":{\"label\":\"debug\",\"iconClass\":\"codicon codicon-debug-alt\",\"closeable\":true},\"widget\":{\"constructionOptions\":{\"factoryId\":\"plugin-view\",\"options\":{\"id\":\"plugin-view:cortex-debug.peripherals\",\"viewId\":\"cortex-debug.peripherals\"}},\"innerWidgetState\":\"{\\\"label\\\":\\\"Cortex Peripherals\\\",\\\"widgets\\\":[],\\\"suppressUpdateViewVisibility\\\":false,\\\"currentViewContainerId\\\":\\\"debug\\\"}\"}},{\"partId\":\"plugin-view:cortex-debug.registers\",\"collapsed\":true,\"hidden\":true,\"originalContainerId\":\"debug:view-container:-1\",\"originalContainerTitle\":{\"label\":\"debug\",\"iconClass\":\"codicon codicon-debug-alt\",\"closeable\":true},\"widget\":{\"constructionOptions\":{\"factoryId\":\"plugin-view\",\"options\":{\"id\":\"plugin-view:cortex-debug.registers\",\"viewId\":\"cortex-debug.registers\"}},\"innerWidgetState\":\"{\\\"label\\\":\\\"Cortex Registers\\\",\\\"widgets\\\":[],\\\"suppressUpdateViewVisibility\\\":false,\\\"currentViewContainerId\\\":\\\"debug\\\"}\"}}],\"title\":{\"label\":\"debug\",\"iconClass\":\"codicon codicon-debug-alt\",\"closeable\":true}}"},"rank":4,"expanded":false,"pinned":false},{"widget":{"constructionOptions":{"factoryId":"search-view-container"},"innerWidgetState":"{\"parts\":[{\"partId\":\"search-in-workspace\",\"collapsed\":false,\"hidden\":false,\"originalContainerId\":\"search-view-container\",\"originalContainerTitle\":{\"label\":\"Search\",\"iconClass\":\"codicon codicon-search\",\"closeable\":true},\"widget\":{\"constructionOptions\":{\"factoryId\":\"search-in-workspace\"},\"innerWidgetState\":\"{\\\"matchCaseState\\\":{\\\"className\\\":\\\"codicon codicon-case-sensitive\\\",\\\"enabled\\\":false,\\\"title\\\":\\\"Match Case\\\"},\\\"wholeWordState\\\":{\\\"className\\\":\\\"codicon codicon-whole-word\\\",\\\"enabled\\\":false,\\\"title\\\":\\\"Match Whole Word\\\"},\\\"regExpState\\\":{\\\"className\\\":\\\"codicon codicon-regex\\\",\\\"enabled\\\":false,\\\"title\\\":\\\"Use Regular Expression\\\"},\\\"includeIgnoredState\\\":{\\\"className\\\":\\\"codicon codicon-eye\\\",\\\"enabled\\\":false,\\\"title\\\":\\\"Include Ignored Files\\\"},\\\"showSearchDetails\\\":false,\\\"searchInWorkspaceOptions\\\":{\\\"matchCase\\\":false,\\\"matchWholeWord\\\":false,\\\"useRegExp\\\":false,\\\"includeIgnored\\\":false,\\\"include\\\":[],\\\"exclude\\\":[],\\\"maxResults\\\":2000},\\\"searchTerm\\\":\\\"\\\",\\\"replaceTerm\\\":\\\"\\\",\\\"showReplaceField\\\":false,\\\"searchHistoryState\\\":{\\\"history\\\":[],\\\"index\\\":0},\\\"replaceHistoryState\\\":{\\\"history\\\":[],\\\"index\\\":0},\\\"includeHistoryState\\\":{\\\"history\\\":[],\\\"index\\\":0},\\\"excludeHistoryState\\\":{\\\"history\\\":[],\\\"index\\\":0}}\"}}],\"title\":{\"label\":\"Search\",\"iconClass\":\"fa fa-arduino-search\",\"closeable\":true}}"},"rank":5,"expanded":false,"pinned":false}]},"rightPanel":{"type":"sidepanel","items":[]},"activeWidgetId":"code-editor-opener:file:///home/surt/Downloads/Electric-Tandoor-09sept2023/Electric-Tandoor-09sept2023.ino:0"}
2024-01-01 11:30:27 2024-01-01T06:00:27.218Z root INFO ------- END SERIALIZED LAYOUT DATA -------
2024-01-01 11:30:27 2024-01-01T06:00:27.253Z root INFO [25429704-f59d-4506-8f71-1dc9d0b5fde1] Waiting for backend deployment: 67.7 ms [Finished 1.295 s after frontend start]
2024-01-01 11:30:27 2024-01-01T06:00:27.608Z root INFO [hosted-plugin: 204384] PLUGIN_HOST(204384) starting instance
2024-01-01 11:30:27 2024-01-01T06:00:27.967Z root INFO [25429704-f59d-4506-8f71-1dc9d0b5fde1] Sync of 23 plugins: 715.7 ms [Finished 2.011 s after frontend start]
2024-01-01 11:30:28 2024-01-01T06:00:28.136Z root INFO <<< The layout has been successfully restored.
2024-01-01 11:30:28 2024-01-01T06:00:28.188Z root INFO Initialize the workbench layout: 929.8 ms [Finished 2.181 s after frontend start]
2024-01-01 11:30:28 2024-01-01T06:00:28.190Z root INFO Changed application state from 'attached_shell' to 'initialized_layout'.
2024-01-01 11:30:28 2024-01-01T06:00:28.191Z root INFO [25429704-f59d-4506-8f71-1dc9d0b5fde1] Loading plugin contributions
2024-01-01 11:30:28 2024-01-01T06:00:28.191Z root INFO [25429704-f59d-4506-8f71-1dc9d0b5fde1] Load contributions of 23 plugins: 50.1 ms [Finished 2.232 s after frontend start]
2024-01-01 11:30:28 2024-01-01T06:00:28.198Z root WARN 'cpp' language is remapped from 'source.cpp.embedded.macro' to 'source.cpp' scope
2024-01-01 11:30:28 2024-01-01T06:00:28.198Z root WARN a registered grammar configuration for 'cpp' language is overridden
2024-01-01 11:30:28 2024-01-01T06:00:28.510Z root ERROR [hosted-plugin: 204384] Conflict in settings file Default: Ignoring cortex-debug.armToolchainPath.linux as cortex-debug.armToolchainPath is null
Conflict in settings file Default: Ignoring cortex-debug.armToolchainPath.osx as cortex-debug.armToolchainPath is null
2024-01-01 11:30:28 2024-01-01T06:00:28.510Z root ERROR [hosted-plugin: 204384] Conflict in settings file Default: Ignoring cortex-debug.armToolchainPath.windows as cortex-debug.armToolchainPath is null
Conflict in settings file Default: Ignoring cortex-debug.JLinkGDBServerPath.linux as cortex-debug.JLinkGDBServerPath is null
Conflict in settings file Default: Ignoring cortex-debug.JLinkGDBServerPath.osx as cortex-debug.JLinkGDBServerPath is null
Conflict in settings file Default: Ignoring cortex-debug.JLinkGDBServerPath.windows as cortex-debug.JLinkGDBServerPath is null
Conflict in settings file Default: Ignoring cortex-debug.openocdPath.linux as cortex-debug.openocdPath is null
Conflict in settings file Default: Ignoring cortex-debug.openocdPath.osx as cortex-debug.openocdPath is null
Conflict in settings file Default: Ignoring cortex-debug.openocdPath.windows as cortex-debug.openocdPath is null
Conflict in settings file Default: Ignoring cortex-debug.pyocdPath.linux as cortex-debug.pyocdPath is null
Conflict in settings file Default: Ignoring cortex-debug.pyocdPath.osx as cortex-debug.pyocdPath is null
Conflict in settings file Default: Ignoring cortex-debug.pyocdPath.windows as cortex-debug.pyocdPath is null
Conflict in settings file Default: Ignoring cortex-debug.PEGDBServerPath.linux as cortex-debug.PEGDBServerPath is null
Conflict in settings file Default: Ignoring cortex-debug.PEGDBServerPath.osx as cortex-debug.PEGDBServerPath is null
Conflict in settings file Default: Ignoring cortex-debug.PEGDBServerPath.windows as cortex-debug.PEGDBServerPath is null
Conflict in settings file Default: Ignoring cortex-debug.stutilPath.linux as cortex-debug.stutilPath is null
Conflict in settings file Default: Ignoring cortex-debug.stutilPath.osx as cortex-debug.stutilPath is null
Conflict in settings file Default: Ignoring cortex-debug.stutilPath.windows as cortex-debug.stutilPath is null
Conflict in settings file Default: Ignoring cortex-debug.stlinkPath.linux as cortex-debug.stlinkPath is null
Conflict in settings file Default: Ignoring cortex-debug.stlinkPath.osx as cortex-debug.stlinkPath is null
Conflict in settings file Default: Ignoring cortex-debug.stlinkPath.windows as cortex-debug.stlinkPath is null
Conflict in settings file Default: Ignoring cortex-debug.stm32cubeprogrammer.linux as cortex-debug.stm32cubeprogrammer is null
Conflict in settings file Default: Ignoring cortex-debug.stm32cubeprogrammer.osx as cortex-debug.stm32cubeprogrammer is null
Conflict in settings file Default: Ignoring cortex-debug.stm32cubeprogrammer.windows as cortex-debug.stm32cubeprogrammer is null
2024-01-01 11:30:28 2024-01-01T06:00:28.519Z root INFO [hosted-plugin: 204384] PLUGIN_HOST(204384): PluginManagerExtImpl/init()
2024-01-01 11:30:28 2024-01-01T06:00:28.520Z root INFO [hosted-plugin: 204384] PLUGIN_HOST(204384): initializing(vscode-arduino-api@0.1.2 with /opt/arduino-ide/resources/app/lib/backend/plugin-vscode-init)
2024-01-01 11:30:28 2024-01-01T06:00:28.564Z root INFO [hosted-plugin: 204384] PLUGIN_HOST(204384): initializing(cortex-debug@1.5.1 with /opt/arduino-ide/resources/app/lib/backend/plugin-vscode-init)
2024-01-01 11:30:28 2024-01-01T06:00:28.564Z root INFO [hosted-plugin: 204384] Debugger contribution has been registered: cortex-debug
2024-01-01 11:30:28 2024-01-01T06:00:28.565Z root INFO [hosted-plugin: 204384] PLUGIN_HOST(204384): initializing(vscode-arduino-tools@0.0.2-beta.8 with /opt/arduino-ide/resources/app/lib/backend/plugin-vscode-init)
PLUGIN_HOST(204384): initializing(cpp@1.52.1 with /opt/arduino-ide/resources/app/lib/backend/plugin-vscode-init)
2024-01-01 11:30:28 2024-01-01T06:00:28.565Z root INFO [hosted-plugin: 204384] PLUGIN_HOST(204384): initializing(json@1.46.1 with /opt/arduino-ide/resources/app/lib/backend/plugin-vscode-init)
2024-01-01 11:30:28 2024-01-01T06:00:28.565Z root INFO [hosted-plugin: 204384] PLUGIN_HOST(204384): initializing(json-language-features@1.46.1 with /opt/arduino-ide/resources/app/lib/backend/plugin-vscode-init)
2024-01-01 11:30:28 2024-01-01T06:00:28.566Z root INFO [hosted-plugin: 204384] PLUGIN_HOST(204384): initializing(vscode-language-pack-bg@1.48.3 with /opt/arduino-ide/resources/app/lib/backend/plugin-vscode-init)
2024-01-01 11:30:28 2024-01-01T06:00:28.566Z root INFO [hosted-plugin: 204384] PLUGIN_HOST(204384): initializing(vscode-language-pack-cs@1.78.0 with /opt/arduino-ide/resources/app/lib/backend/plugin-vscode-init)
2024-01-01 11:30:28 2024-01-01T06:00:28.567Z root INFO [hosted-plugin: 204384] PLUGIN_HOST(204384): initializing(vscode-language-pack-de@1.78.0 with /opt/arduino-ide/resources/app/lib/backend/plugin-vscode-init)
2024-01-01 11:30:28 2024-01-01T06:00:28.567Z root INFO [hosted-plugin: 204384] PLUGIN_HOST(204384): initializing(vscode-language-pack-es@1.78.0 with /opt/arduino-ide/resources/app/lib/backend/plugin-vscode-init)
2024-01-01 11:30:28 2024-01-01T06:00:28.567Z root INFO [hosted-plugin: 204384] PLUGIN_HOST(204384): initializing(vscode-language-pack-fr@1.78.0 with /opt/arduino-ide/resources/app/lib/backend/plugin-vscode-init)
2024-01-01 11:30:28 2024-01-01T06:00:28.568Z root INFO [hosted-plugin: 204384] PLUGIN_HOST(204384): initializing(vscode-language-pack-hu@1.48.3 with /opt/arduino-ide/resources/app/lib/backend/plugin-vscode-init)
2024-01-01 11:30:28 2024-01-01T06:00:28.568Z root INFO [hosted-plugin: 204384] PLUGIN_HOST(204384): initializing(vscode-language-pack-it@1.78.0 with /opt/arduino-ide/resources/app/lib/backend/plugin-vscode-init)
2024-01-01 11:30:28 2024-01-01T06:00:28.568Z root INFO [hosted-plugin: 204384] PLUGIN_HOST(204384): initializing(vscode-language-pack-ja@1.78.0 with /opt/arduino-ide/resources/app/lib/backend/plugin-vscode-init)
2024-01-01 11:30:28 2024-01-01T06:00:28.568Z root INFO [hosted-plugin: 204384] PLUGIN_HOST(204384): initializing(vscode-language-pack-ko@1.78.0 with /opt/arduino-ide/resources/app/lib/backend/plugin-vscode-init)
2024-01-01 11:30:28 2024-01-01T06:00:28.568Z root INFO [hosted-plugin: 204384] PLUGIN_HOST(204384): initializing(vscode-language-pack-nl@1.48.3 with /opt/arduino-ide/resources/app/lib/backend/plugin-vscode-init)
2024-01-01 11:30:28 2024-01-01T06:00:28.568Z root INFO [hosted-plugin: 204384] PLUGIN_HOST(204384): initializing(vscode-language-pack-pl@1.78.0 with /opt/arduino-ide/resources/app/lib/backend/plugin-vscode-init)
2024-01-01 11:30:28 2024-01-01T06:00:28.568Z root INFO [hosted-plugin: 204384] PLUGIN_HOST(204384): initializing(vscode-language-pack-pt-BR@1.78.0 with /opt/arduino-ide/resources/app/lib/backend/plugin-vscode-init)
2024-01-01 11:30:28 2024-01-01T06:00:28.569Z root INFO [hosted-plugin: 204384] PLUGIN_HOST(204384): initializing(vscode-language-pack-ru@1.78.0 with /opt/arduino-ide/resources/app/lib/backend/plugin-vscode-init)
2024-01-01 11:30:28 2024-01-01T06:00:28.569Z root INFO [hosted-plugin: 204384] PLUGIN_HOST(204384): initializing(vscode-language-pack-tr@1.78.0 with /opt/arduino-ide/resources/app/lib/backend/plugin-vscode-init)
2024-01-01 11:30:28 2024-01-01T06:00:28.569Z root INFO [hosted-plugin: 204384] PLUGIN_HOST(204384): initializing(vscode-language-pack-uk@1.48.3 with /opt/arduino-ide/resources/app/lib/backend/plugin-vscode-init)
2024-01-01 11:30:28 2024-01-01T06:00:28.569Z root INFO [hosted-plugin: 204384] PLUGIN_HOST(204384): initializing(vscode-language-pack-zh-hans@1.78.0 with /opt/arduino-ide/resources/app/lib/backend/plugin-vscode-init)
2024-01-01 11:30:28 2024-01-01T06:00:28.569Z root INFO [hosted-plugin: 204384] PLUGIN_HOST(204384): initializing(vscode-language-pack-zh-hant@1.78.0 with /opt/arduino-ide/resources/app/lib/backend/plugin-vscode-init)
2024-01-01 11:30:28 2024-01-01T06:00:28.601Z root INFO [hosted-plugin: 204384] PLUGIN_HOST(204384): PluginManagerExtImpl/loadPlugin(/opt/arduino-ide/resources/app/plugins/vscode-arduino-api/extension/dist/extension.js)
2024-01-01 11:30:28 2024-01-01T06:00:28.619Z root INFO [hosted-plugin: 204384] PLUGIN_HOST(204384): PluginManagerExtImpl/loadPlugin(/opt/arduino-ide/resources/app/plugins/vscode-builtin-json-language-features/extension/client/dist/jsonMain)
2024-01-01 11:30:28 2024-01-01T06:00:28.655Z root INFO [hosted-plugin: 204384] PLUGIN_HOST(204384): PluginManagerExtImpl/loadPlugin(/opt/arduino-ide/resources/app/plugins/vscode-arduino-tools/extension/dist/bundle)
2024-01-01 11:30:28 2024-01-01T06:00:28.678Z root INFO [25429704-f59d-4506-8f71-1dc9d0b5fde1] Starting plugins.
2024-01-01 11:30:28 2024-01-01T06:00:28.693Z root INFO [hosted-plugin: 204384] PLUGIN_HOST(204384): PluginManagerExtImpl/loadPlugin(/opt/arduino-ide/resources/app/plugins/cortex-debug/extension/dist/extension.js)
2024-01-01 11:30:28 2024-01-01T06:00:28.720Z root INFO [hosted-plugin: 204384] Debug configuration provider has been registered: cortex-debug, trigger: 1
2024-01-01 11:30:28 2024-01-01T06:00:28.721Z root INFO [hosted-plugin: 204384] GDB server console created
2024-01-01 11:30:28 2024-01-01T06:00:28.728Z root INFO [25429704-f59d-4506-8f71-1dc9d0b5fde1] Start of 23 plugins: 536.2 ms [Finished 2.772 s after frontend start]
2024-01-01 11:30:29 2024-01-01T06:00:29.381Z root INFO Replace loading indicator with ready workbench UI (animation): 852.6 ms [Finished 3.087 s after frontend start]
2024-01-01 11:30:29 2024-01-01T06:00:29.381Z root INFO Changed application state from 'initialized_layout' to 'ready'.
2024-01-01 11:30:29 2024-01-01T06:00:29.382Z root WARN Linked preference "workbench.colorCustomizations" not found. Source: "editor.bracketPairColorization.enabled"
2024-01-01 11:30:29 2024-01-01T06:00:29.383Z root INFO Frontend application start: 2289.7 ms [Finished 3.833 s after backend start]
2024-01-01 11:30:29 2024-01-01T06:00:29.434Z root INFO core-client-provider [library-index] Downloading index: library_index.tar.bz2

2024-01-01 11:30:29 2024-01-01T06:00:29.435Z root INFO core-client-provider [platform-index] Downloading index: package_index.tar.bz2

2024-01-01 11:30:29 2024-01-01T06:00:29.436Z daemon INFO time="2024-01-01T11:30:29+05:30" level=info msg="Updating libraries index"
time="2024-01-01T11:30:29+05:30" level=info msg="Starting download" url="https://downloads.arduino.cc/libraries/library_index.tar.bz2"
time="2024-01-01T11:30:29+05:30" level=info msg="Updating index" url="https://downloads.arduino.cc/packages/package_index.tar.bz2"
time="2024-01-01T11:30:29+05:30" level=info msg="Starting download" url="https://downloads.arduino.cc/packages/package_index.tar.bz2"
2024-01-01 11:30:29 2024-01-01T06:00:29.600Z root ERROR ---- !!!SLOW!!! DURATION: search took 215.243 ms. Args: [{"type":"Updatable"}] ----
2024-01-01 11:30:32 2024-01-01T06:00:32.663Z daemon INFO time="2024-01-01T11:30:32+05:30" level=info msg="Checking signature" index=/home/surt/.arduino15/package_index.json signatureFile=/home/surt/.arduino15/package_index.json.sig trusted=true
2024-01-01 11:30:32 2024-01-01T06:00:32.663Z daemon INFO time="2024-01-01T11:30:32+05:30" level=info msg="Loading hardware from: /home/surt/.arduino15/packages"
2024-01-01 11:30:32 2024-01-01T06:00:32.663Z daemon INFO time="2024-01-01T11:30:32+05:30" level=info msg="Loading package arduino from: /home/surt/.arduino15/packages/arduino/hardware"
time="2024-01-01T11:30:32+05:30" level=info msg="Checking existence of 'tools' path: /home/surt/.arduino15/packages/arduino/tools"
time="2024-01-01T11:30:32+05:30" level=info msg="Loading tools from dir: /home/surt/.arduino15/packages/arduino/tools"
2024-01-01 11:30:32 2024-01-01T06:00:32.663Z daemon INFO time="2024-01-01T11:30:32+05:30" level=info msg="Loading package builtin from: /home/surt/.arduino15/packages/builtin"
time="2024-01-01T11:30:32+05:30" level=info msg="Checking existence of 'tools' path: /home/surt/.arduino15/packages/builtin/tools"
time="2024-01-01T11:30:32+05:30" level=info msg="Loading tools from dir: /home/surt/.arduino15/packages/builtin/tools"
2024-01-01 11:30:32 2024-01-01T06:00:32.663Z daemon INFO time="2024-01-01T11:30:32+05:30" level=info msg="Loaded tool" tool="builtin:ctags@5.8-arduino11"
time="2024-01-01T11:30:32+05:30" level=info msg="Loaded tool" tool="builtin:dfu-discovery@0.1.2"
time="2024-01-01T11:30:32+05:30" level=info msg="Loaded tool" tool="builtin:mdns-discovery@1.0.9"
time="2024-01-01T11:30:32+05:30" level=info msg="Loaded tool" tool="builtin:serial-discovery@1.4.0"
2024-01-01 11:30:32 2024-01-01T06:00:32.663Z daemon INFO time="2024-01-01T11:30:32+05:30" level=info msg="Loaded tool" tool="builtin:serial-monitor@0.13.0"
2024-01-01 11:30:32 2024-01-01T06:00:32.663Z daemon INFO time="2024-01-01T11:30:32+05:30" level=info msg="sending command QUIT to discovery builtin:mdns-discovery"
2024-01-01 11:30:32 2024-01-01T06:00:32.664Z daemon INFO time="2024-01-01T11:30:32+05:30" level=info msg="from discovery builtin:mdns-discovery received message type: quit, message: OK"
2024-01-01 11:30:32 2024-01-01T06:00:32.664Z daemon INFO time="2024-01-01T11:30:32+05:30" level=info msg="killing discovery builtin:mdns-discovery process"
2024-01-01 11:30:32 2024-01-01T06:00:32.664Z daemon INFO time="2024-01-01T11:30:32+05:30" level=info msg="Discovery event channel closed builtin:mdns-discovery. Exiting goroutine."
2024-01-01 11:30:32 2024-01-01T06:00:32.664Z daemon INFO time="2024-01-01T11:30:32+05:30" level=error msg="stopped discovery builtin:mdns-discovery decode loop: read |0: file already closed"
2024-01-01 11:30:32 2024-01-01T06:00:32.664Z daemon INFO time="2024-01-01T11:30:32+05:30" level=info msg="killed discovery builtin:mdns-discovery process"
time="2024-01-01T11:30:32+05:30" level=info msg="Closed and removed discovery builtin:mdns-discovery"
time="2024-01-01T11:30:32+05:30" level=info msg="sending command QUIT to discovery builtin:serial-discovery"
2024-01-01 11:30:32 2024-01-01T06:00:32.664Z daemon INFO time="2024-01-01T11:30:32+05:30" level=info msg="from discovery builtin:serial-discovery received message type: quit, message: OK"
2024-01-01 11:30:32 2024-01-01T06:00:32.664Z daemon INFO time="2024-01-01T11:30:32+05:30" level=info msg="killing discovery builtin:serial-discovery process"
2024-01-01 11:30:32 2024-01-01T06:00:32.664Z daemon INFO time="2024-01-01T11:30:32+05:30" level=info msg="Discovery event channel closed builtin:serial-discovery. Exiting goroutine."
2024-01-01 11:30:32 2024-01-01T06:00:32.664Z daemon INFO time="2024-01-01T11:30:32+05:30" level=error msg="stopped discovery builtin:serial-discovery decode loop: read |0: file already closed"
2024-01-01 11:30:32 2024-01-01T06:00:32.664Z daemon INFO time="2024-01-01T11:30:32+05:30" level=info msg="killed discovery builtin:serial-discovery process"
time="2024-01-01T11:30:32+05:30" level=info msg="Closed and removed discovery builtin:serial-discovery"
2024-01-01 11:30:32 2024-01-01T06:00:32.664Z daemon INFO time="2024-01-01T11:30:32+05:30" level=info msg="starting discovery builtin:serial-discovery process"
2024-01-01 11:30:32 2024-01-01T06:00:32.665Z daemon INFO time="2024-01-01T11:30:32+05:30" level=info msg="started discovery builtin:serial-discovery process"
2024-01-01 11:30:32 2024-01-01T06:00:32.665Z daemon INFO time="2024-01-01T11:30:32+05:30" level=info msg="sending command HELLO 1 \"arduino-cli 0.34.0\" to discovery builtin:serial-discovery"
2024-01-01 11:30:32 2024-01-01T06:00:32.667Z daemon INFO time="2024-01-01T11:30:32+05:30" level=info msg="from discovery builtin:serial-discovery received message type: hello, message: OK, protocol version: 1"
2024-01-01 11:30:32 2024-01-01T06:00:32.667Z daemon INFO time="2024-01-01T11:30:32+05:30" level=info msg="sending command START_SYNC to discovery builtin:serial-discovery"
2024-01-01 11:30:32 2024-01-01T06:00:32.668Z daemon INFO time="2024-01-01T11:30:32+05:30" level=info msg="from discovery builtin:serial-discovery received message type: start_sync, message: OK"
2024-01-01 11:30:32 2024-01-01T06:00:32.668Z daemon INFO time="2024-01-01T11:30:32+05:30" level=info msg="starting discovery builtin:mdns-discovery process"
2024-01-01 11:30:32 2024-01-01T06:00:32.668Z daemon INFO time="2024-01-01T11:30:32+05:30" level=info msg="started discovery builtin:mdns-discovery process"
2024-01-01 11:30:32 2024-01-01T06:00:32.668Z daemon INFO time="2024-01-01T11:30:32+05:30" level=info msg="sending command HELLO 1 \"arduino-cli 0.34.0\" to discovery builtin:mdns-discovery"
2024-01-01 11:30:32 2024-01-01T06:00:32.670Z daemon INFO time="2024-01-01T11:30:32+05:30" level=info msg="from discovery builtin:mdns-discovery received message type: hello, message: OK, protocol version: 1"
time="2024-01-01T11:30:32+05:30" level=info msg="sending command START_SYNC to discovery builtin:mdns-discovery"
2024-01-01 11:30:32 2024-01-01T06:00:32.670Z daemon INFO time="2024-01-01T11:30:32+05:30" level=info msg="from discovery builtin:mdns-discovery received message type: start_sync, message: OK"
2024-01-01 11:30:32 2024-01-01T06:00:32.671Z daemon INFO time="2024-01-01T11:30:32+05:30" level=info msg="Loading libraries index file" index=/home/surt/.arduino15/library_index.json
2024-01-01 11:30:32 2024-01-01T06:00:32.784Z daemon INFO time="2024-01-01T11:30:32+05:30" level=info msg="Adding libraries dir" dir=/home/surt/.arduino15/libraries location=ide
time="2024-01-01T11:30:32+05:30" level=info msg="Adding libraries dir" dir=/home/surt/Arduino/libraries location=user
