2024-01-06 09:11:33 Using browser-only version of superagent in non-browser environment
2024-01-06 09:11:33 Configuration directory URI: 'file:///home/surt/.arduinoIDE'
2024-01-06 09:11:33 Configuring to accept webviews on '^.+\.webview\..+$' hostname.
2024-01-06 09:11:33 2024-01-06T03:41:33.142Z root INFO Backend Object.initialize: 4.0 ms [Finished 0.351 s after backend start]
2024-01-06 09:11:33 2024-01-06T03:41:33.143Z root INFO Backend Object.configure: 3.4 ms [Finished 0.351 s after backend start]
2024-01-06 09:11:33 2024-01-06T03:41:33.143Z root INFO Backend a.onStart: 1.1 ms [Finished 0.351 s after backend start]
2024-01-06 09:11:33 2024-01-06T03:41:33.143Z root INFO Backend a.configure: 0.3 ms [Finished 0.371 s after backend start]
2024-01-06 09:11:33 2024-01-06T03:41:33.144Z root INFO Backend u.onStart: 0.2 ms [Finished 0.371 s after backend start]
2024-01-06 09:11:33 2024-01-06T03:41:33.144Z root INFO Backend d.configure: 0.1 ms [Finished 0.371 s after backend start]
2024-01-06 09:11:33 2024-01-06T03:41:33.145Z root INFO Backend d.initialize: 19.7 ms [Finished 0.371 s after backend start]
2024-01-06 09:11:33 2024-01-06T03:41:33.145Z root INFO Backend c.onStart: 0.2 ms [Finished 0.371 s after backend start]
2024-01-06 09:11:33 2024-01-06T03:41:33.145Z root INFO Backend s.configure: 1.1 ms [Finished 0.372 s after backend start]
2024-01-06 09:11:33 2024-01-06T03:41:33.146Z config INFO >>> Initializing CLI configuration...
2024-01-06 09:11:33 2024-01-06T03:41:33.146Z root INFO Backend c.initialize: 0.4 ms [Finished 0.372 s after backend start]
2024-01-06 09:11:33 2024-01-06T03:41:33.146Z root INFO Backend P.onStart: 0.6 ms [Finished 0.373 s after backend start]
2024-01-06 09:11:33 2024-01-06T03:41:33.147Z config INFO Loading CLI configuration from /home/surt/.arduinoIDE/arduino-cli.yaml...
2024-01-06 09:11:33 2024-01-06T03:41:33.147Z daemon INFO Starting daemon from /opt/arduino-ide/resources/app/lib/backend/resources/arduino-cli...
2024-01-06 09:11:33 2024-01-06T03:41:33.147Z root INFO Backend s.initialize: 0.3 ms [Finished 0.373 s after backend start]
2024-01-06 09:11:33 2024-01-06T03:41:33.147Z root INFO Backend w.onStart: 0.6 ms [Finished 0.374 s after backend start]
2024-01-06 09:11:33 2024-01-06T03:41:33.147Z root INFO Backend r.configure: 1.2 ms [Finished 0.374 s after backend start]
2024-01-06 09:11:33 2024-01-06T03:41:33.147Z discovery-log INFO start
2024-01-06 09:11:33 2024-01-06T03:41:33.147Z discovery-log INFO start new deferred
2024-01-06 09:11:33 2024-01-06T03:41:33.147Z root INFO Backend d.initialize: 0.3 ms [Finished 0.374 s after backend start]
2024-01-06 09:11:33 2024-01-06T03:41:33.147Z root INFO Backend y.onStart: 1.3 ms [Finished 0.375 s after backend start]
2024-01-06 09:11:33 2024-01-06T03:41:33.147Z root INFO Backend r.configure: 1.2 ms [Finished 0.376 s after backend start]
2024-01-06 09:11:33 2024-01-06T03:41:33.148Z root INFO Backend s.onStart: 0.4 ms [Finished 0.376 s after backend start]
2024-01-06 09:11:33 2024-01-06T03:41:33.148Z root INFO Backend h.configure: 0.3 ms [Finished 0.376 s after backend start]
2024-01-06 09:11:33 2024-01-06T03:41:33.148Z root INFO Backend a.configure: 0.1 ms [Finished 0.377 s after backend start]
2024-01-06 09:11:33 2024-01-06T03:41:33.148Z root INFO Backend s.configure: 0.0 ms [Finished 0.377 s after backend start]
2024-01-06 09:11:33 2024-01-06T03:41:33.148Z root INFO Backend l.configure: 0.1 ms [Finished 0.377 s after backend start]
2024-01-06 09:11:33 2024-01-06T03:41:33.149Z root INFO Theia app listening on http://localhost:39291.
2024-01-06 09:11:33 2024-01-06T03:41:33.150Z root INFO Finished starting backend application: 2.1 ms [Finished 0.379 s after backend start]
2024-01-06 09:11:33 2024-01-06T03:41:33.150Z root WARN The local plugin referenced by local-dir:/home/surt/.arduinoIDE/plugins does not exist.
2024-01-06 09:11:33 2024-01-06T03:41:33.151Z root WARN The local plugin referenced by local-dir:/home/surt/.arduinoIDE/extensions does not exist.
2024-01-06 09:11:33 2024-01-06T03:41:33.167Z config INFO Loaded CLI configuration: {"board_manager":{"additional_urls":[]},"build_cache":{"compilations_before_purge":10,"ttl":"720h0m0s"},"daemon":{"port":"50051"},"directories":{"data":"/home/surt/.arduino15","downloads":"/home/surt/.arduino15/staging","user":"/home/surt/Arduino"},"library":{"enable_unsafe_install":false},"logging":{"file":"","format":"text","level":"info"},"metrics":{"addr":":9090","enabled":true},"output":{"no_color":false},"sketch":{"always_export_binaries":false},"updater":{"enable_notification":true}}
2024-01-06 09:11:33 2024-01-06T03:41:33.168Z config INFO 'directories.data' and 'directories.user' are set in the CLI configuration model.
2024-01-06 09:11:33 2024-01-06T03:41:33.168Z config INFO Loaded the CLI configuration.
2024-01-06 09:11:33 2024-01-06T03:41:33.174Z config INFO Mapped the CLI configuration: {"dataDirUri":"file:///home/surt/.arduino15","sketchDirUri":"file:///home/surt/Arduino","additionalUrls":[],"network":"none","locale":"en"}
2024-01-06 09:11:33 2024-01-06T03:41:33.174Z config INFO Validating the CLI configuration...
2024-01-06 09:11:33 2024-01-06T03:41:33.175Z config INFO The CLI config is valid.
2024-01-06 09:11:33 2024-01-06T03:41:33.176Z config INFO <<< Initialized the CLI configuration.
2024-01-06 09:11:33 2024-01-06T03:41:33.179Z root INFO Resolve plugins list: 32.5 ms [Finished 0.408 s after backend start]
2024-01-06 09:11:33 2024-01-06T03:41:33.237Z daemon INFO time="2024-01-06T09:11:33+05:30" level=info msg="Using config file: /home/surt/.arduinoIDE/arduino-cli.yaml"
time="2024-01-06T09:11:33+05:30" level=info msg="arduino-cli version 0.34.0"
time="2024-01-06T09:11:33+05:30" level=info msg="Executing `arduino-cli daemon`"
Daemon is now listening on 127.0.0.1:42391
{"IP":"127.0.0.1","Port":"42391"}
2024-01-06 09:11:33 2024-01-06T03:41:33.237Z daemon INFO Daemon is running.
2024-01-06 09:11:33 2024-01-06T03:41:33.333Z daemon INFO time="2024-01-06T09:11:33+05:30" level=info msg="Checking signature" index=/home/surt/.arduino15/package_index.json signatureFile=/home/surt/.arduino15/package_index.json.sig trusted=true
time="2024-01-06T09:11:33+05:30" level=info msg="Loading hardware from: /home/surt/.arduino15/packages"
time="2024-01-06T09:11:33+05:30" level=info msg="Loading package arduino from: /home/surt/.arduino15/packages/arduino/hardware"
time="2024-01-06T09:11:33+05:30" level=info msg="Checking existence of 'tools' path: /home/surt/.arduino15/packages/arduino/tools"
time="2024-01-06T09:11:33+05:30" level=info msg="Loading tools from dir: /home/surt/.arduino15/packages/arduino/tools"
time="2024-01-06T09:11:33+05:30" level=info msg="Loading package builtin from: /home/surt/.arduino15/packages/builtin"
time="2024-01-06T09:11:33+05:30" level=info msg="Checking existence of 'tools' path: /home/surt/.arduino15/packages/builtin/tools"
time="2024-01-06T09:11:33+05:30" level=info msg="Loading tools from dir: /home/surt/.arduino15/packages/builtin/tools"
time="2024-01-06T09:11:33+05:30" level=info msg="Loaded tool" tool="builtin:ctags@5.8-arduino11"
time="2024-01-06T09:11:33+05:30" level=info msg="Loaded tool" tool="builtin:dfu-discovery@0.1.2"
time="2024-01-06T09:11:33+05:30" level=info msg="Loaded tool" tool="builtin:mdns-discovery@1.0.9"
time="2024-01-06T09:11:33+05:30" level=info msg="Loaded tool" tool="builtin:serial-discovery@1.4.0"
time="2024-01-06T09:11:33+05:30" level=info msg="Loaded tool" tool="builtin:serial-monitor@0.13.0"
time="2024-01-06T09:11:33+05:30" level=info msg="Loading libraries index file" index=/home/surt/.arduino15/library_index.json
2024-01-06 09:11:33 2024-01-06T03:41:33.429Z daemon INFO time="2024-01-06T09:11:33+05:30" level=info msg="Adding libraries dir" dir=/home/surt/.arduino15/libraries location=ide
time="2024-01-06T09:11:33+05:30" level=info msg="Adding libraries dir" dir=/home/surt/Arduino/libraries location=user
2024-01-06 09:11:33 2024-01-06T03:41:33.459Z discovery-log INFO start request start watch
2024-01-06 09:11:33 2024-01-06T03:41:33.459Z discovery-log INFO start requested start watch
2024-01-06 09:11:33 2024-01-06T03:41:33.459Z discovery-log INFO start resolved watching
2024-01-06 09:11:33 2024-01-06T03:41:33.490Z daemon INFO time="2024-01-06T09:11:33+05:30" level=info msg="starting discovery builtin:mdns-discovery process"
time="2024-01-06T09:11:33+05:30" level=info msg="starting discovery builtin:serial-discovery process"
time="2024-01-06T09:11:33+05:30" level=info msg="started discovery builtin:mdns-discovery process"
time="2024-01-06T09:11:33+05:30" level=info msg="sending command HELLO 1 \"arduino-cli 0.34.0\" to discovery builtin:mdns-discovery"
time="2024-01-06T09:11:33+05:30" level=info msg="started discovery builtin:serial-discovery process"
time="2024-01-06T09:11:33+05:30" level=info msg="sending command HELLO 1 \"arduino-cli 0.34.0\" to discovery builtin:serial-discovery"
time="2024-01-06T09:11:33+05:30" level=info msg="from discovery builtin:serial-discovery received message type: hello, message: OK, protocol version: 1"
time="2024-01-06T09:11:33+05:30" level=info msg="sending command START_SYNC to discovery builtin:serial-discovery"
time="2024-01-06T09:11:33+05:30" level=info msg="from discovery builtin:serial-discovery received message type: start_sync, message: OK"
time="2024-01-06T09:11:33+05:30" level=info msg="from discovery builtin:mdns-discovery received message type: hello, message: OK, protocol version: 1"
time="2024-01-06T09:11:33+05:30" level=info msg="sending command START_SYNC to discovery builtin:mdns-discovery"
time="2024-01-06T09:11:33+05:30" level=info msg="from discovery builtin:mdns-discovery received message type: start_sync, message: OK"
2024-01-06 09:11:33 2024-01-06T03:41:33.769Z root INFO Deploy plugins list: 32.5 ms [Finished 0.999 s after backend start]
2024-01-06 09:11:34 2024-01-06T03:41:34.268Z root WARN Frontend a.configure took longer than the expected maximum 100 milliseconds: 187.6 ms [Finished 1.064 s after frontend start]
2024-01-06 09:11:34 2024-01-06T03:41:34.272Z root WARN A command editor.action.toggleStickyScroll is already registered.
2024-01-06 09:11:34 2024-01-06T03:41:34.279Z sketches-service WARN Warning! The request sketch path was different than the response sketch path from the CLI. This could be a potential bug. Request: </home/surt/Downloads/Electric-Tandoor-09sept2023/Electric-Tandoor-09sept2023.ino>, response: </home/surt/Downloads/Electric-Tandoor-09sept2023>.
2024-01-06 09:11:34 2024-01-06T03:41:34.392Z root INFO Start frontend contributions: 368.6 ms [Finished 1.187 s after frontend start]
2024-01-06 09:11:34 2024-01-06T03:41:34.392Z root INFO Changed application state from 'init' to 'started_contributions'.
2024-01-06 09:11:34 2024-01-06T03:41:34.411Z root INFO Changed application state from 'started_contributions' to 'attached_shell'.
2024-01-06 09:11:34 2024-01-06T03:41:34.412Z root INFO >>> Restoring the layout state...
2024-01-06 09:11:34 2024-01-06T03:41:34.412Z root INFO ------- SERIALIZED LAYOUT DATA -------
2024-01-06 09:11:34 2024-01-06T03:41:34.412Z root INFO {"version":5,"mainPanel":{"main":{"type":"tab-area","widgets":[{"constructionOptions":{"factoryId":"code-editor-opener","options":{"counter":0,"kind":"navigatable","uri":"file:///home/surt/Downloads/Electric-Tandoor-09sept2023/Electric-Tandoor-09sept2023.ino"}},"innerWidgetState":"{\"cursorState\":[{\"inSelectionMode\":false,\"selectionStart\":{\"lineNumber\":66,\"column\":1},\"position\":{\"lineNumber\":66,\"column\":1}}],\"viewState\":{\"scrollLeft\":0,\"firstPosition\":{\"lineNumber\":1,\"column\":1},\"firstPositionDeltaTop\":0},\"contributionsState\":{\"editor.contrib.folding\":{\"lineCount\":572,\"provider\":\"indent\",\"foldedImports\":false},\"editor.contrib.wordHighlighter\":false}}"}],"currentIndex":0}},"mainPanelPinned":[false],"bottomPanel":{"config":{"main":{"type":"tab-area","widgets":[{"constructionOptions":{"factoryId":"outputView"},"innerWidgetState":"{\"locked\":false}"}],"currentIndex":0}},"pinned":[false],"size":401,"expanded":true},"leftPanel":{"type":"sidepanel","items":[{"widget":{"constructionOptions":{"factoryId":"arduino-sketchbook-widget"}},"rank":1,"expanded":false,"pinned":false},{"widget":{"constructionOptions":{"factoryId":"boards-list-widget"}},"rank":2,"expanded":false,"pinned":false},{"widget":{"constructionOptions":{"factoryId":"library-list-widget"}},"rank":3,"expanded":false,"pinned":false},{"widget":{"constructionOptions":{"factoryId":"debug"},"innerWidgetState":"{\"parts\":[{\"partId\":\"debug:threads:-1\",\"collapsed\":false,\"hidden\":false,\"originalContainerId\":\"debug:view-container:-1\",\"originalContainerTitle\":{\"label\":\"debug\",\"iconClass\":\"codicon codicon-debug-alt\",\"closeable\":true},\"widget\":{\"constructionOptions\":{\"factoryId\":\"debug:threads\"},\"innerWidgetState\":\"{}\"}},{\"partId\":\"debug:frames:-1\",\"collapsed\":false,\"hidden\":false,\"originalContainerId\":\"debug:view-container:-1\",\"originalContainerTitle\":{\"label\":\"debug\",\"iconClass\":\"codicon codicon-debug-alt\",\"closeable\":true},\"widget\":{\"constructionOptions\":{\"factoryId\":\"debug:frames\"},\"innerWidgetState\":\"{}\"}},{\"partId\":\"debug:variables:-1\",\"collapsed\":false,\"hidden\":false,\"originalContainerId\":\"debug:view-container:-1\",\"originalContainerTitle\":{\"label\":\"debug\",\"iconClass\":\"codicon codicon-debug-alt\",\"closeable\":true},\"widget\":{\"constructionOptions\":{\"factoryId\":\"debug:variables\"},\"innerWidgetState\":\"{}\"}},{\"partId\":\"debug:watch:-1\",\"collapsed\":false,\"hidden\":false,\"originalContainerId\":\"debug:view-container:-1\",\"originalContainerTitle\":{\"label\":\"debug\",\"iconClass\":\"codicon codicon-debug-alt\",\"closeable\":true},\"widget\":{\"constructionOptions\":{\"factoryId\":\"debug:watch\"},\"innerWidgetState\":\"{}\"}},{\"partId\":\"debug:breakpoints:-1\",\"collapsed\":false,\"hidden\":false,\"originalContainerId\":\"debug:view-container:-1\",\"originalContainerTitle\":{\"label\":\"debug\",\"iconClass\":\"codicon codicon-debug-alt\",\"closeable\":true},\"widget\":{\"constructionOptions\":{\"factoryId\":\"debug:breakpoints\"},\"innerWidgetState\":\"{}\"}},{\"partId\":\"plugin-view:cortex-debug.peripherals\",\"collapsed\":true,\"hidden\":true,\"originalContainerId\":\"debug:view-container:-1\",\"originalContainerTitle\":{\"label\":\"debug\",\"iconClass\":\"codicon codicon-debug-alt\",\"closeable\":true},\"widget\":{\"constructionOptions\":{\"factoryId\":\"plugin-view\",\"options\":{\"id\":\"plugin-view:cortex-debug.peripherals\",\"viewId\":\"cortex-debug.peripherals\"}},\"innerWidgetState\":\"{\\\"label\\\":\\\"Cortex Peripherals\\\",\\\"widgets\\\":[],\\\"suppressUpdateViewVisibility\\\":false,\\\"currentViewContainerId\\\":\\\"debug\\\"}\"}},{\"partId\":\"plugin-view:cortex-debug.registers\",\"collapsed\":true,\"hidden\":true,\"originalContainerId\":\"debug:view-container:-1\",\"originalContainerTitle\":{\"label\":\"debug\",\"iconClass\":\"codicon codicon-debug-alt\",\"closeable\":true},\"widget\":{\"constructionOptions\":{\"factoryId\":\"plugin-view\",\"options\":{\"id\":\"plugin-view:cortex-debug.registers\",\"viewId\":\"cortex-debug.registers\"}},\"innerWidgetState\":\"{\\\"label\\\":\\\"Cortex Registers\\\",\\\"widgets\\\":[],\\\"suppressUpdateViewVisibility\\\":false,\\\"currentViewContainerId\\\":\\\"debug\\\"}\"}}],\"title\":{\"label\":\"debug\",\"iconClass\":\"codicon codicon-debug-alt\",\"closeable\":true}}"},"rank":4,"expanded":false,"pinned":false},{"widget":{"constructionOptions":{"factoryId":"search-view-container"},"innerWidgetState":"{\"parts\":[{\"partId\":\"search-in-workspace\",\"collapsed\":false,\"hidden\":false,\"originalContainerId\":\"search-view-container\",\"originalContainerTitle\":{\"label\":\"Search\",\"iconClass\":\"codicon codicon-search\",\"closeable\":true},\"widget\":{\"constructionOptions\":{\"factoryId\":\"search-in-workspace\"},\"innerWidgetState\":\"{\\\"matchCaseState\\\":{\\\"className\\\":\\\"codicon codicon-case-sensitive\\\",\\\"enabled\\\":false,\\\"title\\\":\\\"Match Case\\\"},\\\"wholeWordState\\\":{\\\"className\\\":\\\"codicon codicon-whole-word\\\",\\\"enabled\\\":false,\\\"title\\\":\\\"Match Whole Word\\\"},\\\"regExpState\\\":{\\\"className\\\":\\\"codicon codicon-regex\\\",\\\"enabled\\\":false,\\\"title\\\":\\\"Use Regular Expression\\\"},\\\"includeIgnoredState\\\":{\\\"className\\\":\\\"codicon codicon-eye\\\",\\\"enabled\\\":false,\\\"title\\\":\\\"Include Ignored Files\\\"},\\\"showSearchDetails\\\":false,\\\"searchInWorkspaceOptions\\\":{\\\"matchCase\\\":false,\\\"matchWholeWord\\\":false,\\\"useRegExp\\\":false,\\\"includeIgnored\\\":false,\\\"include\\\":[],\\\"exclude\\\":[],\\\"maxResults\\\":2000},\\\"searchTerm\\\":\\\"\\\",\\\"replaceTerm\\\":\\\"\\\",\\\"showReplaceField\\\":false,\\\"searchHistoryState\\\":{\\\"history\\\":[],\\\"index\\\":0},\\\"replaceHistoryState\\\":{\\\"history\\\":[],\\\"index\\\":0},\\\"includeHistoryState\\\":{\\\"history\\\":[],\\\"index\\\":0},\\\"excludeHistoryState\\\":{\\\"history\\\":[],\\\"index\\\":0}}\"}}],\"title\":{\"label\":\"Search\",\"iconClass\":\"fa fa-arduino-search\",\"closeable\":true}}"},"rank":5,"expanded":false,"pinned":false}]},"rightPanel":{"type":"sidepanel","items":[]},"activeWidgetId":"code-editor-opener:file:///home/surt/Downloads/Electric-Tandoor-09sept2023/Electric-Tandoor-09sept2023.ino:0"}
2024-01-06 09:11:34 2024-01-06T03:41:34.412Z root INFO ------- END SERIALIZED LAYOUT DATA -------
2024-01-06 09:11:34 2024-01-06T03:41:34.453Z root INFO [3e9fdc24-0cbc-44f2-a6ef-ded78893422d] Waiting for backend deployment: 79.6 ms [Finished 1.263 s after frontend start]
2024-01-06 09:11:34 2024-01-06T03:41:34.795Z root INFO [hosted-plugin: 58358] PLUGIN_HOST(58358) starting instance
2024-01-06 09:11:35 2024-01-06T03:41:35.164Z root INFO [3e9fdc24-0cbc-44f2-a6ef-ded78893422d] Sync of 23 plugins: 712.0 ms [Finished 1.975 s after frontend start]
2024-01-06 09:11:35 2024-01-06T03:41:35.312Z root INFO <<< The layout has been successfully restored.
2024-01-06 09:11:35 2024-01-06T03:41:35.360Z root INFO Initialize the workbench layout: 910.6 ms [Finished 2.123 s after frontend start]
2024-01-06 09:11:35 2024-01-06T03:41:35.362Z root INFO Changed application state from 'attached_shell' to 'initialized_layout'.
2024-01-06 09:11:35 2024-01-06T03:41:35.362Z root INFO [3e9fdc24-0cbc-44f2-a6ef-ded78893422d] Loading plugin contributions
2024-01-06 09:11:35 2024-01-06T03:41:35.362Z root INFO [3e9fdc24-0cbc-44f2-a6ef-ded78893422d] Load contributions of 23 plugins: 46.1 ms [Finished 2.170 s after frontend start]
2024-01-06 09:11:35 2024-01-06T03:41:35.368Z root WARN 'cpp' language is remapped from 'source.cpp.embedded.macro' to 'source.cpp' scope
2024-01-06 09:11:35 2024-01-06T03:41:35.368Z root WARN a registered grammar configuration for 'cpp' language is overridden
2024-01-06 09:11:35 2024-01-06T03:41:35.648Z root ERROR [hosted-plugin: 58358] Conflict in settings file Default: Ignoring cortex-debug.armToolchainPath.linux as cortex-debug.armToolchainPath is null
Conflict in settings file Default: Ignoring cortex-debug.armToolchainPath.osx as cortex-debug.armToolchainPath is null
Conflict in settings file Default: Ignoring cortex-debug.armToolchainPath.windows as cortex-debug.armToolchainPath is null
Conflict in settings file Default: Ignoring cortex-debug.JLinkGDBServerPath.linux as cortex-debug.JLinkGDBServerPath is null
2024-01-06 09:11:35 2024-01-06T03:41:35.648Z root ERROR [hosted-plugin: 58358] Conflict in settings file Default: Ignoring cortex-debug.JLinkGDBServerPath.osx as cortex-debug.JLinkGDBServerPath is null
Conflict in settings file Default: Ignoring cortex-debug.JLinkGDBServerPath.windows as cortex-debug.JLinkGDBServerPath is null
Conflict in settings file Default: Ignoring cortex-debug.openocdPath.linux as cortex-debug.openocdPath is null
Conflict in settings file Default: Ignoring cortex-debug.openocdPath.osx as cortex-debug.openocdPath is null
Conflict in settings file Default: Ignoring cortex-debug.openocdPath.windows as cortex-debug.openocdPath is null
Conflict in settings file Default: Ignoring cortex-debug.pyocdPath.linux as cortex-debug.pyocdPath is null
Conflict in settings file Default: Ignoring cortex-debug.pyocdPath.osx as cortex-debug.pyocdPath is null
Conflict in settings file Default: Ignoring cortex-debug.pyocdPath.windows as cortex-debug.pyocdPath is null
Conflict in settings file Default: Ignoring cortex-debug.PEGDBServerPath.linux as cortex-debug.PEGDBServerPath is null
Conflict in settings file Default: Ignoring cortex-debug.PEGDBServerPath.osx as cortex-debug.PEGDBServerPath is null
Conflict in settings file Default: Ignoring cortex-debug.PEGDBServerPath.windows as cortex-debug.PEGDBServerPath is null
Conflict in settings file Default: Ignoring cortex-debug.stutilPath.linux as cortex-debug.stutilPath is null
Conflict in settings file Default: Ignoring cortex-debug.stutilPath.osx as cortex-debug.stutilPath is null
Conflict in settings file Default: Ignoring cortex-debug.stutilPath.windows as cortex-debug.stutilPath is null
Conflict in settings file Default: Ignoring cortex-debug.stlinkPath.linux as cortex-debug.stlinkPath is null
Conflict in settings file Default: Ignoring cortex-debug.stlinkPath.osx as cortex-debug.stlinkPath is null
Conflict in settings file Default: Ignoring cortex-debug.stlinkPath.windows as cortex-debug.stlinkPath is null
Conflict in settings file Default: Ignoring cortex-debug.stm32cubeprogrammer.linux as cortex-debug.stm32cubeprogrammer is null
Conflict in settings file Default: Ignoring cortex-debug.stm32cubeprogrammer.osx as cortex-debug.stm32cubeprogrammer is null
Conflict in settings file Default: Ignoring cortex-debug.stm32cubeprogrammer.windows as cortex-debug.stm32cubeprogrammer is null
2024-01-06 09:11:35 2024-01-06T03:41:35.659Z root INFO [hosted-plugin: 58358] PLUGIN_HOST(58358): PluginManagerExtImpl/init()
2024-01-06 09:11:35 2024-01-06T03:41:35.660Z root INFO [hosted-plugin: 58358] PLUGIN_HOST(58358): initializing(vscode-arduino-api@0.1.2 with /opt/arduino-ide/resources/app/lib/backend/plugin-vscode-init)
2024-01-06 09:11:35 2024-01-06T03:41:35.712Z root INFO [hosted-plugin: 58358] PLUGIN_HOST(58358): initializing(cortex-debug@1.5.1 with /opt/arduino-ide/resources/app/lib/backend/plugin-vscode-init)
2024-01-06 09:11:35 2024-01-06T03:41:35.712Z root INFO [hosted-plugin: 58358] Debugger contribution has been registered: cortex-debug
2024-01-06 09:11:35 2024-01-06T03:41:35.713Z root INFO [hosted-plugin: 58358] PLUGIN_HOST(58358): initializing(vscode-arduino-tools@0.0.2-beta.8 with /opt/arduino-ide/resources/app/lib/backend/plugin-vscode-init)
2024-01-06 09:11:35 2024-01-06T03:41:35.713Z root INFO [hosted-plugin: 58358] PLUGIN_HOST(58358): initializing(cpp@1.52.1 with /opt/arduino-ide/resources/app/lib/backend/plugin-vscode-init)
2024-01-06 09:11:35 2024-01-06T03:41:35.714Z root INFO [hosted-plugin: 58358] PLUGIN_HOST(58358): initializing(json@1.46.1 with /opt/arduino-ide/resources/app/lib/backend/plugin-vscode-init)
2024-01-06 09:11:35 2024-01-06T03:41:35.714Z root INFO [hosted-plugin: 58358] PLUGIN_HOST(58358): initializing(json-language-features@1.46.1 with /opt/arduino-ide/resources/app/lib/backend/plugin-vscode-init)
2024-01-06 09:11:35 2024-01-06T03:41:35.715Z root INFO [hosted-plugin: 58358] PLUGIN_HOST(58358): initializing(vscode-language-pack-bg@1.48.3 with /opt/arduino-ide/resources/app/lib/backend/plugin-vscode-init)
2024-01-06 09:11:35 2024-01-06T03:41:35.715Z root INFO [hosted-plugin: 58358] PLUGIN_HOST(58358): initializing(vscode-language-pack-cs@1.78.0 with /opt/arduino-ide/resources/app/lib/backend/plugin-vscode-init)
2024-01-06 09:11:35 2024-01-06T03:41:35.716Z root INFO [hosted-plugin: 58358] PLUGIN_HOST(58358): initializing(vscode-language-pack-de@1.78.0 with /opt/arduino-ide/resources/app/lib/backend/plugin-vscode-init)
2024-01-06 09:11:35 2024-01-06T03:41:35.716Z root INFO [hosted-plugin: 58358] PLUGIN_HOST(58358): initializing(vscode-language-pack-es@1.78.0 with /opt/arduino-ide/resources/app/lib/backend/plugin-vscode-init)
2024-01-06 09:11:35 2024-01-06T03:41:35.717Z root INFO [hosted-plugin: 58358] PLUGIN_HOST(58358): initializing(vscode-language-pack-fr@1.78.0 with /opt/arduino-ide/resources/app/lib/backend/plugin-vscode-init)
2024-01-06 09:11:35 2024-01-06T03:41:35.718Z root INFO [hosted-plugin: 58358] PLUGIN_HOST(58358): initializing(vscode-language-pack-hu@1.48.3 with /opt/arduino-ide/resources/app/lib/backend/plugin-vscode-init)
2024-01-06 09:11:35 2024-01-06T03:41:35.718Z root INFO [hosted-plugin: 58358] PLUGIN_HOST(58358): initializing(vscode-language-pack-it@1.78.0 with /opt/arduino-ide/resources/app/lib/backend/plugin-vscode-init)
2024-01-06 09:11:35 2024-01-06T03:41:35.719Z root INFO [hosted-plugin: 58358] PLUGIN_HOST(58358): initializing(vscode-language-pack-ja@1.78.0 with /opt/arduino-ide/resources/app/lib/backend/plugin-vscode-init)
2024-01-06 09:11:35 2024-01-06T03:41:35.719Z root INFO [hosted-plugin: 58358] PLUGIN_HOST(58358): initializing(vscode-language-pack-ko@1.78.0 with /opt/arduino-ide/resources/app/lib/backend/plugin-vscode-init)
2024-01-06 09:11:35 2024-01-06T03:41:35.719Z root INFO [hosted-plugin: 58358] PLUGIN_HOST(58358): initializing(vscode-language-pack-nl@1.48.3 with /opt/arduino-ide/resources/app/lib/backend/plugin-vscode-init)
2024-01-06 09:11:35 2024-01-06T03:41:35.720Z root INFO [hosted-plugin: 58358] PLUGIN_HOST(58358): initializing(vscode-language-pack-pl@1.78.0 with /opt/arduino-ide/resources/app/lib/backend/plugin-vscode-init)
2024-01-06 09:11:35 2024-01-06T03:41:35.720Z root INFO [hosted-plugin: 58358] PLUGIN_HOST(58358): initializing(vscode-language-pack-pt-BR@1.78.0 with /opt/arduino-ide/resources/app/lib/backend/plugin-vscode-init)
2024-01-06 09:11:35 2024-01-06T03:41:35.720Z root INFO [hosted-plugin: 58358] PLUGIN_HOST(58358): initializing(vscode-language-pack-ru@1.78.0 with /opt/arduino-ide/resources/app/lib/backend/plugin-vscode-init)
2024-01-06 09:11:35 2024-01-06T03:41:35.721Z root INFO [hosted-plugin: 58358] PLUGIN_HOST(58358): initializing(vscode-language-pack-tr@1.78.0 with /opt/arduino-ide/resources/app/lib/backend/plugin-vscode-init)
2024-01-06 09:11:35 2024-01-06T03:41:35.721Z root INFO [hosted-plugin: 58358] PLUGIN_HOST(58358): initializing(vscode-language-pack-uk@1.48.3 with /opt/arduino-ide/resources/app/lib/backend/plugin-vscode-init)
2024-01-06 09:11:35 2024-01-06T03:41:35.721Z root INFO [hosted-plugin: 58358] PLUGIN_HOST(58358): initializing(vscode-language-pack-zh-hans@1.78.0 with /opt/arduino-ide/resources/app/lib/backend/plugin-vscode-init)
2024-01-06 09:11:35 2024-01-06T03:41:35.722Z root INFO [hosted-plugin: 58358] PLUGIN_HOST(58358): initializing(vscode-language-pack-zh-hant@1.78.0 with /opt/arduino-ide/resources/app/lib/backend/plugin-vscode-init)
2024-01-06 09:11:35 2024-01-06T03:41:35.744Z root INFO [hosted-plugin: 58358] PLUGIN_HOST(58358): PluginManagerExtImpl/loadPlugin(/opt/arduino-ide/resources/app/plugins/vscode-arduino-api/extension/dist/extension.js)
2024-01-06 09:11:35 2024-01-06T03:41:35.756Z root INFO [hosted-plugin: 58358] PLUGIN_HOST(58358): PluginManagerExtImpl/loadPlugin(/opt/arduino-ide/resources/app/plugins/vscode-builtin-json-language-features/extension/client/dist/jsonMain)
2024-01-06 09:11:35 2024-01-06T03:41:35.792Z root INFO [hosted-plugin: 58358] PLUGIN_HOST(58358): PluginManagerExtImpl/loadPlugin(/opt/arduino-ide/resources/app/plugins/vscode-arduino-tools/extension/dist/bundle)
2024-01-06 09:11:35 2024-01-06T03:41:35.812Z root INFO [3e9fdc24-0cbc-44f2-a6ef-ded78893422d] Starting plugins.
2024-01-06 09:11:35 2024-01-06T03:41:35.820Z root INFO [hosted-plugin: 58358] PLUGIN_HOST(58358): PluginManagerExtImpl/loadPlugin(/opt/arduino-ide/resources/app/plugins/cortex-debug/extension/dist/extension.js)
2024-01-06 09:11:35 2024-01-06T03:41:35.843Z root INFO [hosted-plugin: 58358] Debug configuration provider has been registered: cortex-debug, trigger: 1
2024-01-06 09:11:35 2024-01-06T03:41:35.854Z root INFO [hosted-plugin: 58358] GDB server console created
2024-01-06 09:11:35 2024-01-06T03:41:35.861Z root INFO [3e9fdc24-0cbc-44f2-a6ef-ded78893422d] Start of 23 plugins: 497.5 ms [Finished 2.672 s after frontend start]
2024-01-06 09:11:36 2024-01-06T03:41:36.535Z root INFO Replace loading indicator with ready workbench UI (animation): 848.7 ms [Finished 3.022 s after frontend start]
2024-01-06 09:11:36 2024-01-06T03:41:36.537Z root INFO Frontend application start: 2270.9 ms [Finished 3.748 s after backend start]
2024-01-06 09:11:36 2024-01-06T03:41:36.539Z root INFO Changed application state from 'initialized_layout' to 'ready'.
2024-01-06 09:11:36 2024-01-06T03:41:36.540Z root WARN Linked preference "workbench.colorCustomizations" not found. Source: "editor.bracketPairColorization.enabled"
2024-01-06 09:11:36 2024-01-06T03:41:36.597Z root INFO core-client-provider [platform-index] Downloading index: package_index.tar.bz2

2024-01-06 09:11:36 2024-01-06T03:41:36.598Z root INFO core-client-provider [library-index] Downloading index: library_index.tar.bz2

2024-01-06 09:11:36 2024-01-06T03:41:36.598Z daemon INFO time="2024-01-06T09:11:36+05:30" level=info msg="Updating libraries index"
time="2024-01-06T09:11:36+05:30" level=info msg="Updating index" url="https://downloads.arduino.cc/packages/package_index.tar.bz2"
time="2024-01-06T09:11:36+05:30" level=info msg="Starting download" url="https://downloads.arduino.cc/packages/package_index.tar.bz2"
time="2024-01-06T09:11:36+05:30" level=info msg="Starting download" url="https://downloads.arduino.cc/libraries/library_index.tar.bz2"
2024-01-06 09:11:36 2024-01-06T03:41:36.768Z root ERROR ---- !!!SLOW!!! DURATION: search took 228.716 ms. Args: [{"type":"Updatable"}] ----
2024-01-06 09:11:37 2024-01-06T03:41:37.876Z daemon INFO time="2024-01-06T09:11:37+05:30" level=info msg="Checking signature" index=/home/surt/.arduino15/package_index.json signatureFile=/home/surt/.arduino15/package_index.json.sig trusted=true
2024-01-06 09:11:37 2024-01-06T03:41:37.876Z daemon INFO time="2024-01-06T09:11:37+05:30" level=info msg="Loading hardware from: /home/surt/.arduino15/packages"
time="2024-01-06T09:11:37+05:30" level=info msg="Loading package arduino from: /home/surt/.arduino15/packages/arduino/hardware"
time="2024-01-06T09:11:37+05:30" level=info msg="Checking existence of 'tools' path: /home/surt/.arduino15/packages/arduino/tools"
time="2024-01-06T09:11:37+05:30" level=info msg="Loading tools from dir: /home/surt/.arduino15/packages/arduino/tools"
2024-01-06 09:11:37 2024-01-06T03:41:37.876Z daemon INFO time="2024-01-06T09:11:37+05:30" level=info msg="Loading package builtin from: /home/surt/.arduino15/packages/builtin"
time="2024-01-06T09:11:37+05:30" level=info msg="Checking existence of 'tools' path: /home/surt/.arduino15/packages/builtin/tools"
time="2024-01-06T09:11:37+05:30" level=info msg="Loading tools from dir: /home/surt/.arduino15/packages/builtin/tools"
time="2024-01-06T09:11:37+05:30" level=info msg="Loaded tool" tool="builtin:ctags@5.8-arduino11"
time="2024-01-06T09:11:37+05:30" level=info msg="Loaded tool" tool="builtin:dfu-discovery@0.1.2"
time="2024-01-06T09:11:37+05:30" level=info msg="Loaded tool" tool="builtin:mdns-discovery@1.0.9"
time="2024-01-06T09:11:37+05:30" level=info msg="Loaded tool" tool="builtin:serial-discovery@1.4.0"
time="2024-01-06T09:11:37+05:30" level=info msg="Loaded tool" tool="builtin:serial-monitor@0.13.0"
time="2024-01-06T09:11:37+05:30" level=info msg="sending command QUIT to discovery builtin:serial-discovery"
2024-01-06 09:11:37 2024-01-06T03:41:37.877Z daemon INFO time="2024-01-06T09:11:37+05:30" level=info msg="from discovery builtin:serial-discovery received message type: quit, message: OK"
time="2024-01-06T09:11:37+05:30" level=info msg="killing discovery builtin:serial-discovery process"
2024-01-06 09:11:37 2024-01-06T03:41:37.877Z daemon INFO time="2024-01-06T09:11:37+05:30" level=info msg="Discovery event channel closed builtin:serial-discovery. Exiting goroutine."
2024-01-06 09:11:37 2024-01-06T03:41:37.877Z daemon INFO time="2024-01-06T09:11:37+05:30" level=info msg="killed discovery builtin:serial-discovery process"
time="2024-01-06T09:11:37+05:30" level=info msg="Closed and removed discovery builtin:serial-discovery"
time="2024-01-06T09:11:37+05:30" level=info msg="sending command QUIT to discovery builtin:mdns-discovery"
2024-01-06 09:11:37 2024-01-06T03:41:37.877Z daemon INFO time="2024-01-06T09:11:37+05:30" level=info msg="from discovery builtin:mdns-discovery received message type: quit, message: OK"
time="2024-01-06T09:11:37+05:30" level=info msg="killing discovery builtin:mdns-discovery process"
2024-01-06 09:11:37 2024-01-06T03:41:37.877Z daemon INFO time="2024-01-06T09:11:37+05:30" level=info msg="Discovery event channel closed builtin:mdns-discovery. Exiting goroutine."
2024-01-06 09:11:37 2024-01-06T03:41:37.877Z daemon INFO time="2024-01-06T09:11:37+05:30" level=info msg="killed discovery builtin:mdns-discovery process"
time="2024-01-06T09:11:37+05:30" level=info msg="Closed and removed discovery builtin:mdns-discovery"
2024-01-06 09:11:37 2024-01-06T03:41:37.877Z daemon INFO time="2024-01-06T09:11:37+05:30" level=info msg="starting discovery builtin:serial-discovery process"
2024-01-06 09:11:37 2024-01-06T03:41:37.877Z daemon INFO time="2024-01-06T09:11:37+05:30" level=info msg="started discovery builtin:serial-discovery process"
time="2024-01-06T09:11:37+05:30" level=info msg="sending command HELLO 1 \"arduino-cli 0.34.0\" to discovery builtin:serial-discovery"
2024-01-06 09:11:37 2024-01-06T03:41:37.879Z daemon INFO time="2024-01-06T09:11:37+05:30" level=info msg="from discovery builtin:serial-discovery received message type: hello, message: OK, protocol version: 1"
time="2024-01-06T09:11:37+05:30" level=info msg="sending command START_SYNC to discovery builtin:serial-discovery"
2024-01-06 09:11:37 2024-01-06T03:41:37.880Z daemon INFO time="2024-01-06T09:11:37+05:30" level=info msg="from discovery builtin:serial-discovery received message type: start_sync, message: OK"
2024-01-06 09:11:37 2024-01-06T03:41:37.880Z daemon INFO time="2024-01-06T09:11:37+05:30" level=info msg="starting discovery builtin:mdns-discovery process"
2024-01-06 09:11:37 2024-01-06T03:41:37.880Z daemon INFO time="2024-01-06T09:11:37+05:30" level=info msg="started discovery builtin:mdns-discovery process"
time="2024-01-06T09:11:37+05:30" level=info msg="sending command HELLO 1 \"arduino-cli 0.34.0\" to discovery builtin:mdns-discovery"
2024-01-06 09:11:37 2024-01-06T03:41:37.882Z daemon INFO time="2024-01-06T09:11:37+05:30" level=info msg="from discovery builtin:mdns-discovery received message type: hello, message: OK, protocol version: 1"
time="2024-01-06T09:11:37+05:30" level=info msg="sending command START_SYNC to discovery builtin:mdns-discovery"
2024-01-06 09:11:37 2024-01-06T03:41:37.882Z daemon INFO time="2024-01-06T09:11:37+05:30" level=info msg="from discovery builtin:mdns-discovery received message type: start_sync, message: OK"
2024-01-06 09:11:37 2024-01-06T03:41:37.882Z daemon INFO time="2024-01-06T09:11:37+05:30" level=info msg="Loading libraries index file" index=/home/surt/.arduino15/library_index.json
2024-01-06 09:11:37 2024-01-06T03:41:37.999Z daemon INFO time="2024-01-06T09:11:37+05:30" level=info msg="Adding libraries dir" dir=/home/surt/.arduino15/libraries location=ide
time="2024-01-06T09:11:37+05:30" level=info msg="Adding libraries dir" dir=/home/surt/Arduino/libraries location=user
2024-01-06 09:12:07 2024-01-06T03:42:07.380Z daemon INFO time="2024-01-06T09:12:07+05:30" level=info msg="from discovery builtin:serial-discovery received message type: add, port: /dev/ttyUSB0"
2024-01-06 09:12:26 2024-01-06T03:42:26.008Z daemon INFO time="2024-01-06T09:12:26+05:30" level=info msg="from discovery builtin:serial-discovery received message type: remove, port: /dev/ttyUSB0"
2024-01-06 09:12:28 2024-01-06T03:42:28.324Z daemon INFO time="2024-01-06T09:12:28+05:30" level=info msg="from discovery builtin:serial-discovery received message type: add, port: /dev/ttyUSB0"
2024-01-06 21:51:35 Using browser-only version of superagent in non-browser environment
2024-01-06 21:51:35 Configuration directory URI: 'file:///home/surt/.arduinoIDE'
2024-01-06 21:51:35 Configuring to accept webviews on '^.+\.webview\..+$' hostname.
2024-01-06 21:51:35 2024-01-06T16:21:35.479Z root INFO Backend Object.initialize: 4.0 ms [Finished 0.349 s after backend start]
2024-01-06 21:51:35 2024-01-06T16:21:35.480Z root INFO Backend Object.configure: 3.4 ms [Finished 0.349 s after backend start]
2024-01-06 21:51:35 2024-01-06T16:21:35.480Z root INFO Backend a.onStart: 1.1 ms [Finished 0.349 s after backend start]
2024-01-06 21:51:35 2024-01-06T16:21:35.480Z root INFO Backend a.configure: 0.3 ms [Finished 0.368 s after backend start]
2024-01-06 21:51:35 2024-01-06T16:21:35.481Z root INFO Backend u.onStart: 0.2 ms [Finished 0.368 s after backend start]
2024-01-06 21:51:35 2024-01-06T16:21:35.481Z root INFO Backend d.configure: 0.1 ms [Finished 0.369 s after backend start]
2024-01-06 21:51:35 2024-01-06T16:21:35.482Z root INFO Backend d.initialize: 19.7 ms [Finished 0.369 s after backend start]
2024-01-06 21:51:35 2024-01-06T16:21:35.482Z root INFO Backend c.onStart: 0.2 ms [Finished 0.369 s after backend start]
2024-01-06 21:51:35 2024-01-06T16:21:35.483Z root INFO Backend s.configure: 1.2 ms [Finished 0.370 s after backend start]
2024-01-06 21:51:35 2024-01-06T16:21:35.484Z config INFO >>> Initializing CLI configuration...
2024-01-06 21:51:35 2024-01-06T16:21:35.484Z root INFO Backend c.initialize: 0.4 ms [Finished 0.370 s after backend start]
2024-01-06 21:51:35 2024-01-06T16:21:35.484Z root INFO Backend P.onStart: 0.6 ms [Finished 0.371 s after backend start]
2024-01-06 21:51:35 2024-01-06T16:21:35.484Z config INFO Loading CLI configuration from /home/surt/.arduinoIDE/arduino-cli.yaml...
2024-01-06 21:51:35 2024-01-06T16:21:35.485Z daemon INFO Starting daemon from /opt/arduino-ide/resources/app/lib/backend/resources/arduino-cli...
2024-01-06 21:51:35 2024-01-06T16:21:35.485Z root INFO Backend s.initialize: 0.3 ms [Finished 0.371 s after backend start]
2024-01-06 21:51:35 2024-01-06T16:21:35.485Z root INFO Backend w.onStart: 0.7 ms [Finished 0.372 s after backend start]
2024-01-06 21:51:35 2024-01-06T16:21:35.485Z root INFO Backend r.configure: 1.2 ms [Finished 0.372 s after backend start]
2024-01-06 21:51:35 2024-01-06T16:21:35.485Z discovery-log INFO start
2024-01-06 21:51:35 2024-01-06T16:21:35.485Z discovery-log INFO start new deferred
2024-01-06 21:51:35 2024-01-06T16:21:35.485Z root INFO Backend d.initialize: 0.4 ms [Finished 0.372 s after backend start]
2024-01-06 21:51:35 2024-01-06T16:21:35.485Z root INFO Backend y.onStart: 1.3 ms [Finished 0.373 s after backend start]
2024-01-06 21:51:35 2024-01-06T16:21:35.485Z root INFO Backend r.configure: 1.2 ms [Finished 0.374 s after backend start]
2024-01-06 21:51:35 2024-01-06T16:21:35.485Z root INFO Backend s.onStart: 0.4 ms [Finished 0.375 s after backend start]
2024-01-06 21:51:35 2024-01-06T16:21:35.485Z root INFO Backend h.configure: 0.4 ms [Finished 0.375 s after backend start]
2024-01-06 21:51:35 2024-01-06T16:21:35.485Z root INFO Backend a.configure: 0.1 ms [Finished 0.375 s after backend start]
2024-01-06 21:51:35 2024-01-06T16:21:35.485Z root INFO Backend s.configure: 0.0 ms [Finished 0.375 s after backend start]
2024-01-06 21:51:35 2024-01-06T16:21:35.485Z root INFO Backend l.configure: 0.0 ms [Finished 0.375 s after backend start]
2024-01-06 21:51:35 2024-01-06T16:21:35.487Z root INFO Theia app listening on http://localhost:35445.
2024-01-06 21:51:35 2024-01-06T16:21:35.487Z root INFO Finished starting backend application: 2.1 ms [Finished 0.377 s after backend start]
2024-01-06 21:51:35 2024-01-06T16:21:35.488Z root WARN The local plugin referenced by local-dir:/home/surt/.arduinoIDE/extensions does not exist.
2024-01-06 21:51:35 2024-01-06T16:21:35.488Z root WARN The local plugin referenced by local-dir:/home/surt/.arduinoIDE/plugins does not exist.
2024-01-06 21:51:35 2024-01-06T16:21:35.505Z config INFO Loaded CLI configuration: {"board_manager":{"additional_urls":[]},"build_cache":{"compilations_before_purge":10,"ttl":"720h0m0s"},"daemon":{"port":"50051"},"directories":{"data":"/home/surt/.arduino15","downloads":"/home/surt/.arduino15/staging","user":"/home/surt/Arduino"},"library":{"enable_unsafe_install":false},"logging":{"file":"","format":"text","level":"info"},"metrics":{"addr":":9090","enabled":true},"output":{"no_color":false},"sketch":{"always_export_binaries":false},"updater":{"enable_notification":true}}
2024-01-06 21:51:35 2024-01-06T16:21:35.505Z config INFO 'directories.data' and 'directories.user' are set in the CLI configuration model.
2024-01-06 21:51:35 2024-01-06T16:21:35.505Z config INFO Loaded the CLI configuration.
2024-01-06 21:51:35 2024-01-06T16:21:35.513Z config INFO Mapped the CLI configuration: {"dataDirUri":"file:///home/surt/.arduino15","sketchDirUri":"file:///home/surt/Arduino","additionalUrls":[],"network":"none","locale":"en"}
2024-01-06 21:51:35 2024-01-06T16:21:35.513Z config INFO Validating the CLI configuration...
2024-01-06 21:51:35 2024-01-06T16:21:35.514Z config INFO The CLI config is valid.
2024-01-06 21:51:35 2024-01-06T16:21:35.514Z config INFO <<< Initialized the CLI configuration.
2024-01-06 21:51:35 2024-01-06T16:21:35.519Z root INFO Resolve plugins list: 34.6 ms [Finished 0.408 s after backend start]
2024-01-06 21:51:35 2024-01-06T16:21:35.533Z daemon INFO time="2024-01-06T21:51:35+05:30" level=info msg="Using config file: /home/surt/.arduinoIDE/arduino-cli.yaml"
time="2024-01-06T21:51:35+05:30" level=info msg="arduino-cli version 0.34.0"
time="2024-01-06T21:51:35+05:30" level=info msg="Executing `arduino-cli daemon`"
2024-01-06 21:51:35 2024-01-06T16:21:35.582Z daemon INFO Daemon is now listening on 127.0.0.1:45653
{"IP":"127.0.0.1","Port":"45653"}
2024-01-06 21:51:35 2024-01-06T16:21:35.582Z daemon INFO Daemon is running.
2024-01-06 21:51:35 2024-01-06T16:21:35.678Z daemon INFO time="2024-01-06T21:51:35+05:30" level=info msg="Checking signature" index=/home/surt/.arduino15/package_index.json signatureFile=/home/surt/.arduino15/package_index.json.sig trusted=true
time="2024-01-06T21:51:35+05:30" level=info msg="Loading hardware from: /home/surt/.arduino15/packages"
time="2024-01-06T21:51:35+05:30" level=info msg="Loading package arduino from: /home/surt/.arduino15/packages/arduino/hardware"
time="2024-01-06T21:51:35+05:30" level=info msg="Checking existence of 'tools' path: /home/surt/.arduino15/packages/arduino/tools"
time="2024-01-06T21:51:35+05:30" level=info msg="Loading tools from dir: /home/surt/.arduino15/packages/arduino/tools"
time="2024-01-06T21:51:35+05:30" level=info msg="Loading package builtin from: /home/surt/.arduino15/packages/builtin"
time="2024-01-06T21:51:35+05:30" level=info msg="Checking existence of 'tools' path: /home/surt/.arduino15/packages/builtin/tools"
time="2024-01-06T21:51:35+05:30" level=info msg="Loading tools from dir: /home/surt/.arduino15/packages/builtin/tools"
time="2024-01-06T21:51:35+05:30" level=info msg="Loaded tool" tool="builtin:ctags@5.8-arduino11"
time="2024-01-06T21:51:35+05:30" level=info msg="Loaded tool" tool="builtin:dfu-discovery@0.1.2"
time="2024-01-06T21:51:35+05:30" level=info msg="Loaded tool" tool="builtin:mdns-discovery@1.0.9"
time="2024-01-06T21:51:35+05:30" level=info msg="Loaded tool" tool="builtin:serial-discovery@1.4.0"
time="2024-01-06T21:51:35+05:30" level=info msg="Loaded tool" tool="builtin:serial-monitor@0.13.0"
time="2024-01-06T21:51:35+05:30" level=info msg="Loading libraries index file" index=/home/surt/.arduino15/library_index.json
2024-01-06 21:51:35 2024-01-06T16:21:35.806Z daemon INFO time="2024-01-06T21:51:35+05:30" level=info msg="Adding libraries dir" dir=/home/surt/.arduino15/libraries location=ide
time="2024-01-06T21:51:35+05:30" level=info msg="Adding libraries dir" dir=/home/surt/Arduino/libraries location=user
2024-01-06 21:51:35 2024-01-06T16:21:35.808Z discovery-log INFO start request start watch
2024-01-06 21:51:35 2024-01-06T16:21:35.808Z discovery-log INFO start requested start watch
2024-01-06 21:51:35 2024-01-06T16:21:35.808Z discovery-log INFO start resolved watching
2024-01-06 21:51:35 2024-01-06T16:21:35.839Z daemon INFO time="2024-01-06T21:51:35+05:30" level=info msg="starting discovery builtin:mdns-discovery process"
time="2024-01-06T21:51:35+05:30" level=info msg="starting discovery builtin:serial-discovery process"
time="2024-01-06T21:51:35+05:30" level=info msg="started discovery builtin:mdns-discovery process"
time="2024-01-06T21:51:35+05:30" level=info msg="sending command HELLO 1 \"arduino-cli 0.34.0\" to discovery builtin:mdns-discovery"
time="2024-01-06T21:51:35+05:30" level=info msg="started discovery builtin:serial-discovery process"
time="2024-01-06T21:51:35+05:30" level=info msg="sending command HELLO 1 \"arduino-cli 0.34.0\" to discovery builtin:serial-discovery"
time="2024-01-06T21:51:35+05:30" level=info msg="from discovery builtin:serial-discovery received message type: hello, message: OK, protocol version: 1"
time="2024-01-06T21:51:35+05:30" level=info msg="sending command START_SYNC to discovery builtin:serial-discovery"
time="2024-01-06T21:51:35+05:30" level=info msg="from discovery builtin:serial-discovery received message type: start_sync, message: OK"
time="2024-01-06T21:51:35+05:30" level=info msg="from discovery builtin:mdns-discovery received message type: hello, message: OK, protocol version: 1"
time="2024-01-06T21:51:35+05:30" level=info msg="sending command START_SYNC to discovery builtin:mdns-discovery"
time="2024-01-06T21:51:35+05:30" level=info msg="from discovery builtin:mdns-discovery received message type: start_sync, message: OK"
2024-01-06 21:51:36 2024-01-06T16:21:36.121Z root INFO Deploy plugins list: 34.6 ms [Finished 1.011 s after backend start]
2024-01-06 21:51:36 2024-01-06T16:21:36.630Z root WARN Frontend a.configure took longer than the expected maximum 100 milliseconds: 193.3 ms [Finished 1.088 s after frontend start]
2024-01-06 21:51:36 2024-01-06T16:21:36.633Z root WARN A command editor.action.toggleStickyScroll is already registered.
2024-01-06 21:51:36 2024-01-06T16:21:36.639Z sketches-service WARN Warning! The request sketch path was different than the response sketch path from the CLI. This could be a potential bug. Request: </home/surt/Downloads/Electric-Tandoor-09sept2023/Electric-Tandoor-09sept2023.ino>, response: </home/surt/Downloads/Electric-Tandoor-09sept2023>.
2024-01-06 21:51:36 2024-01-06T16:21:36.746Z root INFO Start frontend contributions: 360.5 ms [Finished 1.204 s after frontend start]
2024-01-06 21:51:36 2024-01-06T16:21:36.747Z root INFO Changed application state from 'init' to 'started_contributions'.
2024-01-06 21:51:36 2024-01-06T16:21:36.762Z root INFO Changed application state from 'started_contributions' to 'attached_shell'.
2024-01-06 21:51:36 2024-01-06T16:21:36.763Z root INFO >>> Restoring the layout state...
2024-01-06 21:51:36 2024-01-06T16:21:36.764Z root INFO ------- SERIALIZED LAYOUT DATA -------
2024-01-06 21:51:36 2024-01-06T16:21:36.764Z root INFO {"version":5,"mainPanel":{"main":{"type":"tab-area","widgets":[{"constructionOptions":{"factoryId":"code-editor-opener","options":{"counter":0,"kind":"navigatable","uri":"file:///home/surt/Downloads/Electric-Tandoor-09sept2023/Electric-Tandoor-09sept2023.ino"}},"innerWidgetState":"{\"cursorState\":[{\"inSelectionMode\":false,\"selectionStart\":{\"lineNumber\":66,\"column\":1},\"position\":{\"lineNumber\":66,\"column\":1}}],\"viewState\":{\"scrollLeft\":0,\"firstPosition\":{\"lineNumber\":1,\"column\":1},\"firstPositionDeltaTop\":0},\"contributionsState\":{\"editor.contrib.folding\":{\"lineCount\":572,\"provider\":\"indent\",\"foldedImports\":false},\"editor.contrib.wordHighlighter\":false}}"}],"currentIndex":0}},"mainPanelPinned":[false],"bottomPanel":{"config":{"main":{"type":"tab-area","widgets":[{"constructionOptions":{"factoryId":"outputView"},"innerWidgetState":"{\"locked\":false}"}],"currentIndex":0}},"pinned":[false],"size":401,"expanded":true},"leftPanel":{"type":"sidepanel","items":[{"widget":{"constructionOptions":{"factoryId":"arduino-sketchbook-widget"}},"rank":1,"expanded":false,"pinned":false},{"widget":{"constructionOptions":{"factoryId":"boards-list-widget"}},"rank":2,"expanded":false,"pinned":false},{"widget":{"constructionOptions":{"factoryId":"library-list-widget"}},"rank":3,"expanded":false,"pinned":false},{"widget":{"constructionOptions":{"factoryId":"debug"},"innerWidgetState":"{\"parts\":[{\"partId\":\"debug:threads:-1\",\"collapsed\":false,\"hidden\":false,\"originalContainerId\":\"debug:view-container:-1\",\"originalContainerTitle\":{\"label\":\"debug\",\"iconClass\":\"codicon codicon-debug-alt\",\"closeable\":true},\"widget\":{\"constructionOptions\":{\"factoryId\":\"debug:threads\"},\"innerWidgetState\":\"{}\"}},{\"partId\":\"debug:frames:-1\",\"collapsed\":false,\"hidden\":false,\"originalContainerId\":\"debug:view-container:-1\",\"originalContainerTitle\":{\"label\":\"debug\",\"iconClass\":\"codicon codicon-debug-alt\",\"closeable\":true},\"widget\":{\"constructionOptions\":{\"factoryId\":\"debug:frames\"},\"innerWidgetState\":\"{}\"}},{\"partId\":\"debug:variables:-1\",\"collapsed\":false,\"hidden\":false,\"originalContainerId\":\"debug:view-container:-1\",\"originalContainerTitle\":{\"label\":\"debug\",\"iconClass\":\"codicon codicon-debug-alt\",\"closeable\":true},\"widget\":{\"constructionOptions\":{\"factoryId\":\"debug:variables\"},\"innerWidgetState\":\"{}\"}},{\"partId\":\"debug:watch:-1\",\"collapsed\":false,\"hidden\":false,\"originalContainerId\":\"debug:view-container:-1\",\"originalContainerTitle\":{\"label\":\"debug\",\"iconClass\":\"codicon codicon-debug-alt\",\"closeable\":true},\"widget\":{\"constructionOptions\":{\"factoryId\":\"debug:watch\"},\"innerWidgetState\":\"{}\"}},{\"partId\":\"debug:breakpoints:-1\",\"collapsed\":false,\"hidden\":false,\"originalContainerId\":\"debug:view-container:-1\",\"originalContainerTitle\":{\"label\":\"debug\",\"iconClass\":\"codicon codicon-debug-alt\",\"closeable\":true},\"widget\":{\"constructionOptions\":{\"factoryId\":\"debug:breakpoints\"},\"innerWidgetState\":\"{}\"}},{\"partId\":\"plugin-view:cortex-debug.peripherals\",\"collapsed\":true,\"hidden\":true,\"originalContainerId\":\"debug:view-container:-1\",\"originalContainerTitle\":{\"label\":\"debug\",\"iconClass\":\"codicon codicon-debug-alt\",\"closeable\":true},\"widget\":{\"constructionOptions\":{\"factoryId\":\"plugin-view\",\"options\":{\"id\":\"plugin-view:cortex-debug.peripherals\",\"viewId\":\"cortex-debug.peripherals\"}},\"innerWidgetState\":\"{\\\"label\\\":\\\"Cortex Peripherals\\\",\\\"widgets\\\":[],\\\"suppressUpdateViewVisibility\\\":false,\\\"currentViewContainerId\\\":\\\"debug\\\"}\"}},{\"partId\":\"plugin-view:cortex-debug.registers\",\"collapsed\":true,\"hidden\":true,\"originalContainerId\":\"debug:view-container:-1\",\"originalContainerTitle\":{\"label\":\"debug\",\"iconClass\":\"codicon codicon-debug-alt\",\"closeable\":true},\"widget\":{\"constructionOptions\":{\"factoryId\":\"plugin-view\",\"options\":{\"id\":\"plugin-view:cortex-debug.registers\",\"viewId\":\"cortex-debug.registers\"}},\"innerWidgetState\":\"{\\\"label\\\":\\\"Cortex Registers\\\",\\\"widgets\\\":[],\\\"suppressUpdateViewVisibility\\\":false,\\\"currentViewContainerId\\\":\\\"debug\\\"}\"}}],\"title\":{\"label\":\"debug\",\"iconClass\":\"codicon codicon-debug-alt\",\"closeable\":true}}"},"rank":4,"expanded":false,"pinned":false},{"widget":{"constructionOptions":{"factoryId":"search-view-container"},"innerWidgetState":"{\"parts\":[{\"partId\":\"search-in-workspace\",\"collapsed\":false,\"hidden\":false,\"originalContainerId\":\"search-view-container\",\"originalContainerTitle\":{\"label\":\"Search\",\"iconClass\":\"codicon codicon-search\",\"closeable\":true},\"widget\":{\"constructionOptions\":{\"factoryId\":\"search-in-workspace\"},\"innerWidgetState\":\"{\\\"matchCaseState\\\":{\\\"className\\\":\\\"codicon codicon-case-sensitive\\\",\\\"enabled\\\":false,\\\"title\\\":\\\"Match Case\\\"},\\\"wholeWordState\\\":{\\\"className\\\":\\\"codicon codicon-whole-word\\\",\\\"enabled\\\":false,\\\"title\\\":\\\"Match Whole Word\\\"},\\\"regExpState\\\":{\\\"className\\\":\\\"codicon codicon-regex\\\",\\\"enabled\\\":false,\\\"title\\\":\\\"Use Regular Expression\\\"},\\\"includeIgnoredState\\\":{\\\"className\\\":\\\"codicon codicon-eye\\\",\\\"enabled\\\":false,\\\"title\\\":\\\"Include Ignored Files\\\"},\\\"showSearchDetails\\\":false,\\\"searchInWorkspaceOptions\\\":{\\\"matchCase\\\":false,\\\"matchWholeWord\\\":false,\\\"useRegExp\\\":false,\\\"includeIgnored\\\":false,\\\"include\\\":[],\\\"exclude\\\":[],\\\"maxResults\\\":2000},\\\"searchTerm\\\":\\\"\\\",\\\"replaceTerm\\\":\\\"\\\",\\\"showReplaceField\\\":false,\\\"searchHistoryState\\\":{\\\"history\\\":[],\\\"index\\\":0},\\\"replaceHistoryState\\\":{\\\"history\\\":[],\\\"index\\\":0},\\\"includeHistoryState\\\":{\\\"history\\\":[],\\\"index\\\":0},\\\"excludeHistoryState\\\":{\\\"history\\\":[],\\\"index\\\":0}}\"}}],\"title\":{\"label\":\"Search\",\"iconClass\":\"fa fa-arduino-search\",\"closeable\":true}}"},"rank":5,"expanded":false,"pinned":false}]},"rightPanel":{"type":"sidepanel","items":[]},"activeWidgetId":"code-editor-opener:file:///home/surt/Downloads/Electric-Tandoor-09sept2023/Electric-Tandoor-09sept2023.ino:0"}
2024-01-06 21:51:36 2024-01-06T16:21:36.764Z root INFO ------- END SERIALIZED LAYOUT DATA -------
2024-01-06 21:51:36 2024-01-06T16:21:36.795Z root INFO [1dc240fc-b729-4556-b69b-3972bda85e52] Waiting for backend deployment: 64.5 ms [Finished 1.265 s after frontend start]
2024-01-06 21:51:37 2024-01-06T16:21:37.186Z root INFO [hosted-plugin: 591742] PLUGIN_HOST(591742) starting instance
2024-01-06 21:51:37 2024-01-06T16:21:37.538Z root INFO [1dc240fc-b729-4556-b69b-3972bda85e52] Sync of 23 plugins: 745.4 ms [Finished 2.011 s after frontend start]
2024-01-06 21:51:37 2024-01-06T16:21:37.691Z root INFO <<< The layout has been successfully restored.
2024-01-06 21:51:37 2024-01-06T16:21:37.744Z root INFO Initialize the workbench layout: 939.3 ms [Finished 2.164 s after frontend start]
2024-01-06 21:51:37 2024-01-06T16:21:37.745Z root INFO Changed application state from 'attached_shell' to 'initialized_layout'.
2024-01-06 21:51:37 2024-01-06T16:21:37.745Z root INFO [1dc240fc-b729-4556-b69b-3972bda85e52] Loading plugin contributions
2024-01-06 21:51:37 2024-01-06T16:21:37.745Z root INFO [1dc240fc-b729-4556-b69b-3972bda85e52] Load contributions of 23 plugins: 50.6 ms [Finished 2.215 s after frontend start]
2024-01-06 21:51:37 2024-01-06T16:21:37.751Z root WARN 'cpp' language is remapped from 'source.cpp.embedded.macro' to 'source.cpp' scope
2024-01-06 21:51:37 2024-01-06T16:21:37.752Z root WARN a registered grammar configuration for 'cpp' language is overridden
2024-01-06 21:51:38 2024-01-06T16:21:38.075Z root ERROR [hosted-plugin: 591742] Conflict in settings file Default: Ignoring cortex-debug.armToolchainPath.linux as cortex-debug.armToolchainPath is null
Conflict in settings file Default: Ignoring cortex-debug.armToolchainPath.osx as cortex-debug.armToolchainPath is null
2024-01-06 21:51:38 2024-01-06T16:21:38.075Z root ERROR [hosted-plugin: 591742] Conflict in settings file Default: Ignoring cortex-debug.armToolchainPath.windows as cortex-debug.armToolchainPath is null
Conflict in settings file Default: Ignoring cortex-debug.JLinkGDBServerPath.linux as cortex-debug.JLinkGDBServerPath is null
Conflict in settings file Default: Ignoring cortex-debug.JLinkGDBServerPath.osx as cortex-debug.JLinkGDBServerPath is null
Conflict in settings file Default: Ignoring cortex-debug.JLinkGDBServerPath.windows as cortex-debug.JLinkGDBServerPath is null
Conflict in settings file Default: Ignoring cortex-debug.openocdPath.linux as cortex-debug.openocdPath is null
Conflict in settings file Default: Ignoring cortex-debug.openocdPath.osx as cortex-debug.openocdPath is null
Conflict in settings file Default: Ignoring cortex-debug.openocdPath.windows as cortex-debug.openocdPath is null
Conflict in settings file Default: Ignoring cortex-debug.pyocdPath.linux as cortex-debug.pyocdPath is null
Conflict in settings file Default: Ignoring cortex-debug.pyocdPath.osx as cortex-debug.pyocdPath is null
Conflict in settings file Default: Ignoring cortex-debug.pyocdPath.windows as cortex-debug.pyocdPath is null
Conflict in settings file Default: Ignoring cortex-debug.PEGDBServerPath.linux as cortex-debug.PEGDBServerPath is null
Conflict in settings file Default: Ignoring cortex-debug.PEGDBServerPath.osx as cortex-debug.PEGDBServerPath is null
Conflict in settings file Default: Ignoring cortex-debug.PEGDBServerPath.windows as cortex-debug.PEGDBServerPath is null
Conflict in settings file Default: Ignoring cortex-debug.stutilPath.linux as cortex-debug.stutilPath is null
Conflict in settings file Default: Ignoring cortex-debug.stutilPath.osx as cortex-debug.stutilPath is null
Conflict in settings file Default: Ignoring cortex-debug.stutilPath.windows as cortex-debug.stutilPath is null
Conflict in settings file Default: Ignoring cortex-debug.stlinkPath.linux as cortex-debug.stlinkPath is null
Conflict in settings file Default: Ignoring cortex-debug.stlinkPath.osx as cortex-debug.stlinkPath is null
Conflict in settings file Default: Ignoring cortex-debug.stlinkPath.windows as cortex-debug.stlinkPath is null
Conflict in settings file Default: Ignoring cortex-debug.stm32cubeprogrammer.linux as cortex-debug.stm32cubeprogrammer is null
Conflict in settings file Default: Ignoring cortex-debug.stm32cubeprogrammer.osx as cortex-debug.stm32cubeprogrammer is null
Conflict in settings file Default: Ignoring cortex-debug.stm32cubeprogrammer.windows as cortex-debug.stm32cubeprogrammer is null
2024-01-06 21:51:38 2024-01-06T16:21:38.088Z root INFO [hosted-plugin: 591742] PLUGIN_HOST(591742): PluginManagerExtImpl/init()
2024-01-06 21:51:38 2024-01-06T16:21:38.089Z root INFO [hosted-plugin: 591742] PLUGIN_HOST(591742): initializing(vscode-arduino-api@0.1.2 with /opt/arduino-ide/resources/app/lib/backend/plugin-vscode-init)
2024-01-06 21:51:38 2024-01-06T16:21:38.140Z root INFO [hosted-plugin: 591742] PLUGIN_HOST(591742): initializing(cortex-debug@1.5.1 with /opt/arduino-ide/resources/app/lib/backend/plugin-vscode-init)
2024-01-06 21:51:38 2024-01-06T16:21:38.140Z root INFO [hosted-plugin: 591742] Debugger contribution has been registered: cortex-debug
2024-01-06 21:51:38 2024-01-06T16:21:38.141Z root INFO [hosted-plugin: 591742] PLUGIN_HOST(591742): initializing(vscode-arduino-tools@0.0.2-beta.8 with /opt/arduino-ide/resources/app/lib/backend/plugin-vscode-init)
2024-01-06 21:51:38 2024-01-06T16:21:38.142Z root INFO [hosted-plugin: 591742] PLUGIN_HOST(591742): initializing(cpp@1.52.1 with /opt/arduino-ide/resources/app/lib/backend/plugin-vscode-init)
2024-01-06 21:51:38 2024-01-06T16:21:38.142Z root INFO [hosted-plugin: 591742] PLUGIN_HOST(591742): initializing(json@1.46.1 with /opt/arduino-ide/resources/app/lib/backend/plugin-vscode-init)
2024-01-06 21:51:38 2024-01-06T16:21:38.143Z root INFO [hosted-plugin: 591742] PLUGIN_HOST(591742): initializing(json-language-features@1.46.1 with /opt/arduino-ide/resources/app/lib/backend/plugin-vscode-init)
2024-01-06 21:51:38 2024-01-06T16:21:38.144Z root INFO [hosted-plugin: 591742] PLUGIN_HOST(591742): initializing(vscode-language-pack-bg@1.48.3 with /opt/arduino-ide/resources/app/lib/backend/plugin-vscode-init)
2024-01-06 21:51:38 2024-01-06T16:21:38.145Z root INFO [hosted-plugin: 591742] PLUGIN_HOST(591742): initializing(vscode-language-pack-cs@1.78.0 with /opt/arduino-ide/resources/app/lib/backend/plugin-vscode-init)
2024-01-06 21:51:38 2024-01-06T16:21:38.146Z root INFO [hosted-plugin: 591742] PLUGIN_HOST(591742): initializing(vscode-language-pack-de@1.78.0 with /opt/arduino-ide/resources/app/lib/backend/plugin-vscode-init)
2024-01-06 21:51:38 2024-01-06T16:21:38.147Z root INFO [hosted-plugin: 591742] PLUGIN_HOST(591742): initializing(vscode-language-pack-es@1.78.0 with /opt/arduino-ide/resources/app/lib/backend/plugin-vscode-init)
2024-01-06 21:51:38 2024-01-06T16:21:38.148Z root INFO [hosted-plugin: 591742] PLUGIN_HOST(591742): initializing(vscode-language-pack-fr@1.78.0 with /opt/arduino-ide/resources/app/lib/backend/plugin-vscode-init)
2024-01-06 21:51:38 2024-01-06T16:21:38.148Z root INFO [hosted-plugin: 591742] PLUGIN_HOST(591742): initializing(vscode-language-pack-hu@1.48.3 with /opt/arduino-ide/resources/app/lib/backend/plugin-vscode-init)
2024-01-06 21:51:38 2024-01-06T16:21:38.149Z root INFO [hosted-plugin: 591742] PLUGIN_HOST(591742): initializing(vscode-language-pack-it@1.78.0 with /opt/arduino-ide/resources/app/lib/backend/plugin-vscode-init)
2024-01-06 21:51:38 2024-01-06T16:21:38.149Z root INFO [hosted-plugin: 591742] PLUGIN_HOST(591742): initializing(vscode-language-pack-ja@1.78.0 with /opt/arduino-ide/resources/app/lib/backend/plugin-vscode-init)
2024-01-06 21:51:38 2024-01-06T16:21:38.149Z root INFO [hosted-plugin: 591742] PLUGIN_HOST(591742): initializing(vscode-language-pack-ko@1.78.0 with /opt/arduino-ide/resources/app/lib/backend/plugin-vscode-init)
2024-01-06 21:51:38 2024-01-06T16:21:38.150Z root INFO [hosted-plugin: 591742] PLUGIN_HOST(591742): initializing(vscode-language-pack-nl@1.48.3 with /opt/arduino-ide/resources/app/lib/backend/plugin-vscode-init)
2024-01-06 21:51:38 2024-01-06T16:21:38.150Z root INFO [hosted-plugin: 591742] PLUGIN_HOST(591742): initializing(vscode-language-pack-pl@1.78.0 with /opt/arduino-ide/resources/app/lib/backend/plugin-vscode-init)
2024-01-06 21:51:38 2024-01-06T16:21:38.150Z root INFO [hosted-plugin: 591742] PLUGIN_HOST(591742): initializing(vscode-language-pack-pt-BR@1.78.0 with /opt/arduino-ide/resources/app/lib/backend/plugin-vscode-init)
2024-01-06 21:51:38 2024-01-06T16:21:38.150Z root INFO [hosted-plugin: 591742] PLUGIN_HOST(591742): initializing(vscode-language-pack-ru@1.78.0 with /opt/arduino-ide/resources/app/lib/backend/plugin-vscode-init)
2024-01-06 21:51:38 2024-01-06T16:21:38.151Z root INFO [hosted-plugin: 591742] PLUGIN_HOST(591742): initializing(vscode-language-pack-tr@1.78.0 with /opt/arduino-ide/resources/app/lib/backend/plugin-vscode-init)
2024-01-06 21:51:38 2024-01-06T16:21:38.151Z root INFO [hosted-plugin: 591742] PLUGIN_HOST(591742): initializing(vscode-language-pack-uk@1.48.3 with /opt/arduino-ide/resources/app/lib/backend/plugin-vscode-init)
2024-01-06 21:51:38 2024-01-06T16:21:38.151Z root INFO [hosted-plugin: 591742] PLUGIN_HOST(591742): initializing(vscode-language-pack-zh-hans@1.78.0 with /opt/arduino-ide/resources/app/lib/backend/plugin-vscode-init)
2024-01-06 21:51:38 2024-01-06T16:21:38.151Z root INFO [hosted-plugin: 591742] PLUGIN_HOST(591742): initializing(vscode-language-pack-zh-hant@1.78.0 with /opt/arduino-ide/resources/app/lib/backend/plugin-vscode-init)
2024-01-06 21:51:38 2024-01-06T16:21:38.173Z root INFO [hosted-plugin: 591742] PLUGIN_HOST(591742): PluginManagerExtImpl/loadPlugin(/opt/arduino-ide/resources/app/plugins/vscode-arduino-api/extension/dist/extension.js)
2024-01-06 21:51:38 2024-01-06T16:21:38.195Z root INFO [hosted-plugin: 591742] PLUGIN_HOST(591742): PluginManagerExtImpl/loadPlugin(/opt/arduino-ide/resources/app/plugins/vscode-builtin-json-language-features/extension/client/dist/jsonMain)
2024-01-06 21:51:38 2024-01-06T16:21:38.231Z root INFO [hosted-plugin: 591742] PLUGIN_HOST(591742): PluginManagerExtImpl/loadPlugin(/opt/arduino-ide/resources/app/plugins/vscode-arduino-tools/extension/dist/bundle)
2024-01-06 21:51:38 2024-01-06T16:21:38.250Z root INFO [1dc240fc-b729-4556-b69b-3972bda85e52] Starting plugins.
2024-01-06 21:51:38 2024-01-06T16:21:38.269Z root INFO [hosted-plugin: 591742] PLUGIN_HOST(591742): PluginManagerExtImpl/loadPlugin(/opt/arduino-ide/resources/app/plugins/cortex-debug/extension/dist/extension.js)
2024-01-06 21:51:38 2024-01-06T16:21:38.293Z root INFO [hosted-plugin: 591742] Debug configuration provider has been registered: cortex-debug, trigger: 1
2024-01-06 21:51:38 2024-01-06T16:21:38.294Z root INFO [hosted-plugin: 591742] GDB server console created
2024-01-06 21:51:38 2024-01-06T16:21:38.298Z root INFO [1dc240fc-b729-4556-b69b-3972bda85e52] Start of 23 plugins: 551.0 ms [Finished 2.770 s after frontend start]
2024-01-06 21:51:38 2024-01-06T16:21:38.951Z root INFO Replace loading indicator with ready workbench UI (animation): 847.0 ms [Finished 3.065 s after frontend start]
2024-01-06 21:51:38 2024-01-06T16:21:38.951Z root INFO Changed application state from 'initialized_layout' to 'ready'.
2024-01-06 21:51:38 2024-01-06T16:21:38.951Z root WARN Linked preference "workbench.colorCustomizations" not found. Source: "editor.bracketPairColorization.enabled"
2024-01-06 21:51:38 2024-01-06T16:21:38.953Z root INFO Frontend application start: 2316.5 ms [Finished 3.819 s after backend start]
2024-01-06 21:51:39 2024-01-06T16:21:39.003Z root INFO core-client-provider [library-index] Downloading index: library_index.tar.bz2

2024-01-06 21:51:39 2024-01-06T16:21:39.004Z root INFO core-client-provider [platform-index] Downloading index: package_index.tar.bz2

2024-01-06 21:51:39 2024-01-06T16:21:39.004Z daemon INFO time="2024-01-06T21:51:38+05:30" level=info msg="Updating libraries index"
time="2024-01-06T21:51:38+05:30" level=info msg="Starting download" url="https://downloads.arduino.cc/libraries/library_index.tar.bz2"
time="2024-01-06T21:51:38+05:30" level=info msg="Updating index" url="https://downloads.arduino.cc/packages/package_index.tar.bz2"
time="2024-01-06T21:51:38+05:30" level=info msg="Starting download" url="https://downloads.arduino.cc/packages/package_index.tar.bz2"
2024-01-06 21:51:39 2024-01-06T16:21:39.171Z root ERROR ---- !!!SLOW!!! DURATION: search took 216.601 ms. Args: [{"type":"Updatable"}] ----
2024-01-06 21:51:40 2024-01-06T16:21:40.273Z daemon INFO time="2024-01-06T21:51:40+05:30" level=info msg="Checking signature" index=/home/surt/.arduino15/package_index.json signatureFile=/home/surt/.arduino15/package_index.json.sig trusted=true
2024-01-06 21:51:40 2024-01-06T16:21:40.274Z daemon INFO time="2024-01-06T21:51:40+05:30" level=info msg="Loading hardware from: /home/surt/.arduino15/packages"
2024-01-06 21:51:40 2024-01-06T16:21:40.274Z daemon INFO time="2024-01-06T21:51:40+05:30" level=info msg="Loading package arduino from: /home/surt/.arduino15/packages/arduino/hardware"
time="2024-01-06T21:51:40+05:30" level=info msg="Checking existence of 'tools' path: /home/surt/.arduino15/packages/arduino/tools"
time="2024-01-06T21:51:40+05:30" level=info msg="Loading tools from dir: /home/surt/.arduino15/packages/arduino/tools"
time="2024-01-06T21:51:40+05:30" level=info msg="Loading package builtin from: /home/surt/.arduino15/packages/builtin"
time="2024-01-06T21:51:40+05:30" level=info msg="Checking existence of 'tools' path: /home/surt/.arduino15/packages/builtin/tools"
time="2024-01-06T21:51:40+05:30" level=info msg="Loading tools from dir: /home/surt/.arduino15/packages/builtin/tools"
2024-01-06 21:51:40 2024-01-06T16:21:40.274Z daemon INFO time="2024-01-06T21:51:40+05:30" level=info msg="Loaded tool" tool="builtin:ctags@5.8-arduino11"
time="2024-01-06T21:51:40+05:30" level=info msg="Loaded tool" tool="builtin:dfu-discovery@0.1.2"
time="2024-01-06T21:51:40+05:30" level=info msg="Loaded tool" tool="builtin:mdns-discovery@1.0.9"
time="2024-01-06T21:51:40+05:30" level=info msg="Loaded tool" tool="builtin:serial-discovery@1.4.0"
time="2024-01-06T21:51:40+05:30" level=info msg="Loaded tool" tool="builtin:serial-monitor@0.13.0"
time="2024-01-06T21:51:40+05:30" level=info msg="sending command QUIT to discovery builtin:serial-discovery"
2024-01-06 21:51:40 2024-01-06T16:21:40.274Z daemon INFO time="2024-01-06T21:51:40+05:30" level=info msg="from discovery builtin:serial-discovery received message type: quit, message: OK"
time="2024-01-06T21:51:40+05:30" level=info msg="killing discovery builtin:serial-discovery process"
2024-01-06 21:51:40 2024-01-06T16:21:40.274Z daemon INFO time="2024-01-06T21:51:40+05:30" level=info msg="Discovery event channel closed builtin:serial-discovery. Exiting goroutine."
2024-01-06 21:51:40 2024-01-06T16:21:40.274Z daemon INFO time="2024-01-06T21:51:40+05:30" level=info msg="killed discovery builtin:serial-discovery process"
time="2024-01-06T21:51:40+05:30" level=info msg="Closed and removed discovery builtin:serial-discovery"
time="2024-01-06T21:51:40+05:30" level=info msg="sending command QUIT to discovery builtin:mdns-discovery"
2024-01-06 21:51:40 2024-01-06T16:21:40.274Z daemon INFO time="2024-01-06T21:51:40+05:30" level=info msg="from discovery builtin:mdns-discovery received message type: quit, message: OK"
time="2024-01-06T21:51:40+05:30" level=info msg="killing discovery builtin:mdns-discovery process"
2024-01-06 21:51:40 2024-01-06T16:21:40.274Z daemon INFO time="2024-01-06T21:51:40+05:30" level=info msg="Discovery event channel closed builtin:mdns-discovery. Exiting goroutine."
2024-01-06 21:51:40 2024-01-06T16:21:40.275Z daemon INFO time="2024-01-06T21:51:40+05:30" level=info msg="killed discovery builtin:mdns-discovery process"
time="2024-01-06T21:51:40+05:30" level=info msg="Closed and removed discovery builtin:mdns-discovery"
2024-01-06 21:51:40 2024-01-06T16:21:40.275Z daemon INFO time="2024-01-06T21:51:40+05:30" level=info msg="starting discovery builtin:serial-discovery process"
2024-01-06 21:51:40 2024-01-06T16:21:40.275Z daemon INFO time="2024-01-06T21:51:40+05:30" level=info msg="started discovery builtin:serial-discovery process"
time="2024-01-06T21:51:40+05:30" level=info msg="sending command HELLO 1 \"arduino-cli 0.34.0\" to discovery builtin:serial-discovery"
2024-01-06 21:51:40 2024-01-06T16:21:40.276Z daemon INFO time="2024-01-06T21:51:40+05:30" level=info msg="from discovery builtin:serial-discovery received message type: hello, message: OK, protocol version: 1"
time="2024-01-06T21:51:40+05:30" level=info msg="sending command START_SYNC to discovery builtin:serial-discovery"
2024-01-06 21:51:40 2024-01-06T16:21:40.277Z daemon INFO time="2024-01-06T21:51:40+05:30" level=info msg="from discovery builtin:serial-discovery received message type: start_sync, message: OK"
2024-01-06 21:51:40 2024-01-06T16:21:40.277Z daemon INFO time="2024-01-06T21:51:40+05:30" level=info msg="starting discovery builtin:mdns-discovery process"
2024-01-06 21:51:40 2024-01-06T16:21:40.277Z daemon INFO time="2024-01-06T21:51:40+05:30" level=info msg="started discovery builtin:mdns-discovery process"
time="2024-01-06T21:51:40+05:30" level=info msg="sending command HELLO 1 \"arduino-cli 0.34.0\" to discovery builtin:mdns-discovery"
2024-01-06 21:51:40 2024-01-06T16:21:40.279Z daemon INFO time="2024-01-06T21:51:40+05:30" level=info msg="from discovery builtin:mdns-discovery received message type: hello, message: OK, protocol version: 1"
time="2024-01-06T21:51:40+05:30" level=info msg="sending command START_SYNC to discovery builtin:mdns-discovery"
2024-01-06 21:51:40 2024-01-06T16:21:40.280Z daemon INFO time="2024-01-06T21:51:40+05:30" level=info msg="from discovery builtin:mdns-discovery received message type: start_sync, message: OK"
2024-01-06 21:51:40 2024-01-06T16:21:40.280Z daemon INFO time="2024-01-06T21:51:40+05:30" level=info msg="Loading libraries index file" index=/home/surt/.arduino15/library_index.json
2024-01-06 21:51:40 2024-01-06T16:21:40.387Z daemon INFO time="2024-01-06T21:51:40+05:30" level=info msg="Adding libraries dir" dir=/home/surt/.arduino15/libraries location=ide
time="2024-01-06T21:51:40+05:30" level=info msg="Adding libraries dir" dir=/home/surt/Arduino/libraries location=user
2024-01-06 22:55:06 2024-01-06T17:25:06.529Z root INFO [1dc240fc-b729-4556-b69b-3972bda85e52] Waiting for backend deployment: 24.7 ms [Finished 1901.563 s after frontend start]
2024-01-06 22:55:06 2024-01-06T17:25:06.531Z root INFO [1dc240fc-b729-4556-b69b-3972bda85e52] Sync of 0 plugins: 0.1 ms [Finished 1901.563 s after frontend start]
2024-01-06 22:55:06 2024-01-06T17:25:06.531Z root INFO [1dc240fc-b729-4556-b69b-3972bda85e52] Loading plugin contributions
2024-01-06 22:55:06 2024-01-06T17:25:06.531Z root INFO [1dc240fc-b729-4556-b69b-3972bda85e52] Load contributions of 0 plugins: 0.2 ms [Finished 1901.563 s after frontend start]
2024-01-06 22:55:06 2024-01-06T17:25:06.749Z root INFO [hosted-plugin: 698168] PLUGIN_HOST(698168) starting instance
2024-01-06 22:55:06 2024-01-06T17:25:06.878Z root ERROR [hosted-plugin: 698168] Conflict in settings file Default: Ignoring cortex-debug.armToolchainPath.linux as cortex-debug.armToolchainPath is null
2024-01-06 22:55:06 2024-01-06T17:25:06.879Z root ERROR [hosted-plugin: 698168] Conflict in settings file Default: Ignoring cortex-debug.armToolchainPath.osx as cortex-debug.armToolchainPath is null
Conflict in settings file Default: Ignoring cortex-debug.armToolchainPath.windows as cortex-debug.armToolchainPath is null
Conflict in settings file Default: Ignoring cortex-debug.JLinkGDBServerPath.linux as cortex-debug.JLinkGDBServerPath is null
Conflict in settings file Default: Ignoring cortex-debug.JLinkGDBServerPath.osx as cortex-debug.JLinkGDBServerPath is null
Conflict in settings file Default: Ignoring cortex-debug.JLinkGDBServerPath.windows as cortex-debug.JLinkGDBServerPath is null
Conflict in settings file Default: Ignoring cortex-debug.openocdPath.linux as cortex-debug.openocdPath is null
Conflict in settings file Default: Ignoring cortex-debug.openocdPath.osx as cortex-debug.openocdPath is null
Conflict in settings file Default: Ignoring cortex-debug.openocdPath.windows as cortex-debug.openocdPath is null
Conflict in settings file Default: Ignoring cortex-debug.pyocdPath.linux as cortex-debug.pyocdPath is null
Conflict in settings file Default: Ignoring cortex-debug.pyocdPath.osx as cortex-debug.pyocdPath is null
Conflict in settings file Default: Ignoring cortex-debug.pyocdPath.windows as cortex-debug.pyocdPath is null
Conflict in settings file Default: Ignoring cortex-debug.PEGDBServerPath.linux as cortex-debug.PEGDBServerPath is null
Conflict in settings file Default: Ignoring cortex-debug.PEGDBServerPath.osx as cortex-debug.PEGDBServerPath is null
Conflict in settings file Default: Ignoring cortex-debug.PEGDBServerPath.windows as cortex-debug.PEGDBServerPath is null
Conflict in settings file Default: Ignoring cortex-debug.stutilPath.linux as cortex-debug.stutilPath is null
Conflict in settings file Default: Ignoring cortex-debug.stutilPath.osx as cortex-debug.stutilPath is null
Conflict in settings file Default: Ignoring cortex-debug.stutilPath.windows as cortex-debug.stutilPath is null
Conflict in settings file Default: Ignoring cortex-debug.stlinkPath.linux as cortex-debug.stlinkPath is null
Conflict in settings file Default: Ignoring cortex-debug.stlinkPath.osx as cortex-debug.stlinkPath is null
Conflict in settings file Default: Ignoring cortex-debug.stlinkPath.windows as cortex-debug.stlinkPath is null
Conflict in settings file Default: Ignoring cortex-debug.stm32cubeprogrammer.linux as cortex-debug.stm32cubeprogrammer is null
Conflict in settings file Default: Ignoring cortex-debug.stm32cubeprogrammer.osx as cortex-debug.stm32cubeprogrammer is null
Conflict in settings file Default: Ignoring cortex-debug.stm32cubeprogrammer.windows as cortex-debug.stm32cubeprogrammer is null
2024-01-06 22:55:06 2024-01-06T17:25:06.886Z root INFO [hosted-plugin: 698168] PLUGIN_HOST(698168): PluginManagerExtImpl/init()
2024-01-06 22:55:06 2024-01-06T17:25:06.888Z root INFO [hosted-plugin: 698168] PLUGIN_HOST(698168): initializing(vscode-arduino-api@0.1.2 with /opt/arduino-ide/resources/app/lib/backend/plugin-vscode-init)
2024-01-06 22:55:06 2024-01-06T17:25:06.926Z root INFO [hosted-plugin: 698168] PLUGIN_HOST(698168): initializing(cortex-debug@1.5.1 with /opt/arduino-ide/resources/app/lib/backend/plugin-vscode-init)
2024-01-06 22:55:06 2024-01-06T17:25:06.926Z root INFO [hosted-plugin: 698168] Debugger contribution has been registered: cortex-debug
2024-01-06 22:55:06 2024-01-06T17:25:06.926Z root INFO [hosted-plugin: 698168] PLUGIN_HOST(698168): initializing(vscode-arduino-tools@0.0.2-beta.8 with /opt/arduino-ide/resources/app/lib/backend/plugin-vscode-init)
2024-01-06 22:55:06 2024-01-06T17:25:06.927Z root INFO [hosted-plugin: 698168] PLUGIN_HOST(698168): initializing(cpp@1.52.1 with /opt/arduino-ide/resources/app/lib/backend/plugin-vscode-init)
2024-01-06 22:55:06 2024-01-06T17:25:06.928Z root INFO [hosted-plugin: 698168] PLUGIN_HOST(698168): initializing(json@1.46.1 with /opt/arduino-ide/resources/app/lib/backend/plugin-vscode-init)
2024-01-06 22:55:06 2024-01-06T17:25:06.928Z root INFO [hosted-plugin: 698168] PLUGIN_HOST(698168): initializing(json-language-features@1.46.1 with /opt/arduino-ide/resources/app/lib/backend/plugin-vscode-init)
2024-01-06 22:55:06 2024-01-06T17:25:06.929Z root INFO [hosted-plugin: 698168] PLUGIN_HOST(698168): initializing(vscode-language-pack-bg@1.48.3 with /opt/arduino-ide/resources/app/lib/backend/plugin-vscode-init)
2024-01-06 22:55:06 2024-01-06T17:25:06.929Z root INFO [hosted-plugin: 698168] PLUGIN_HOST(698168): initializing(vscode-language-pack-cs@1.78.0 with /opt/arduino-ide/resources/app/lib/backend/plugin-vscode-init)
2024-01-06 22:55:06 2024-01-06T17:25:06.930Z root INFO [hosted-plugin: 698168] PLUGIN_HOST(698168): initializing(vscode-language-pack-de@1.78.0 with /opt/arduino-ide/resources/app/lib/backend/plugin-vscode-init)
2024-01-06 22:55:06 2024-01-06T17:25:06.930Z root INFO [hosted-plugin: 698168] PLUGIN_HOST(698168): initializing(vscode-language-pack-es@1.78.0 with /opt/arduino-ide/resources/app/lib/backend/plugin-vscode-init)
2024-01-06 22:55:06 2024-01-06T17:25:06.931Z root INFO [hosted-plugin: 698168] PLUGIN_HOST(698168): initializing(vscode-language-pack-fr@1.78.0 with /opt/arduino-ide/resources/app/lib/backend/plugin-vscode-init)
2024-01-06 22:55:06 2024-01-06T17:25:06.931Z root INFO [hosted-plugin: 698168] PLUGIN_HOST(698168): initializing(vscode-language-pack-hu@1.48.3 with /opt/arduino-ide/resources/app/lib/backend/plugin-vscode-init)
2024-01-06 22:55:06 2024-01-06T17:25:06.931Z root INFO [hosted-plugin: 698168] PLUGIN_HOST(698168): initializing(vscode-language-pack-it@1.78.0 with /opt/arduino-ide/resources/app/lib/backend/plugin-vscode-init)
2024-01-06 22:55:06 2024-01-06T17:25:06.931Z root INFO [hosted-plugin: 698168] PLUGIN_HOST(698168): initializing(vscode-language-pack-ja@1.78.0 with /opt/arduino-ide/resources/app/lib/backend/plugin-vscode-init)
2024-01-06 22:55:06 2024-01-06T17:25:06.932Z root INFO [hosted-plugin: 698168] PLUGIN_HOST(698168): initializing(vscode-language-pack-ko@1.78.0 with /opt/arduino-ide/resources/app/lib/backend/plugin-vscode-init)
2024-01-06 22:55:06 2024-01-06T17:25:06.932Z root INFO [hosted-plugin: 698168] PLUGIN_HOST(698168): initializing(vscode-language-pack-nl@1.48.3 with /opt/arduino-ide/resources/app/lib/backend/plugin-vscode-init)
2024-01-06 22:55:06 2024-01-06T17:25:06.932Z root INFO [hosted-plugin: 698168] PLUGIN_HOST(698168): initializing(vscode-language-pack-pl@1.78.0 with /opt/arduino-ide/resources/app/lib/backend/plugin-vscode-init)
2024-01-06 22:55:06 2024-01-06T17:25:06.932Z root INFO [hosted-plugin: 698168] PLUGIN_HOST(698168): initializing(vscode-language-pack-pt-BR@1.78.0 with /opt/arduino-ide/resources/app/lib/backend/plugin-vscode-init)
2024-01-06 22:55:06 2024-01-06T17:25:06.932Z root INFO [hosted-plugin: 698168] PLUGIN_HOST(698168): initializing(vscode-language-pack-ru@1.78.0 with /opt/arduino-ide/resources/app/lib/backend/plugin-vscode-init)
2024-01-06 22:55:06 2024-01-06T17:25:06.932Z root INFO [hosted-plugin: 698168] PLUGIN_HOST(698168): initializing(vscode-language-pack-tr@1.78.0 with /opt/arduino-ide/resources/app/lib/backend/plugin-vscode-init)
2024-01-06 22:55:06 2024-01-06T17:25:06.933Z root INFO [hosted-plugin: 698168] PLUGIN_HOST(698168): initializing(vscode-language-pack-uk@1.48.3 with /opt/arduino-ide/resources/app/lib/backend/plugin-vscode-init)
2024-01-06 22:55:06 2024-01-06T17:25:06.933Z root INFO [hosted-plugin: 698168] PLUGIN_HOST(698168): initializing(vscode-language-pack-zh-hans@1.78.0 with /opt/arduino-ide/resources/app/lib/backend/plugin-vscode-init)
2024-01-06 22:55:06 2024-01-06T17:25:06.933Z root INFO [hosted-plugin: 698168] PLUGIN_HOST(698168): initializing(vscode-language-pack-zh-hant@1.78.0 with /opt/arduino-ide/resources/app/lib/backend/plugin-vscode-init)
2024-01-06 22:55:06 2024-01-06T17:25:06.935Z root INFO [hosted-plugin: 698168] PLUGIN_HOST(698168): PluginManagerExtImpl/loadPlugin(/opt/arduino-ide/resources/app/plugins/vscode-arduino-api/extension/dist/extension.js)
2024-01-06 22:55:06 2024-01-06T17:25:06.939Z root INFO [hosted-plugin: 698168] PLUGIN_HOST(698168): PluginManagerExtImpl/loadPlugin(/opt/arduino-ide/resources/app/plugins/vscode-builtin-json-language-features/extension/client/dist/jsonMain)
2024-01-06 22:55:06 2024-01-06T17:25:06.960Z root INFO [hosted-plugin: 698168] PLUGIN_HOST(698168): PluginManagerExtImpl/loadPlugin(/opt/arduino-ide/resources/app/plugins/vscode-arduino-tools/extension/dist/bundle)
2024-01-06 22:55:06 2024-01-06T17:25:06.983Z root INFO [hosted-plugin: 698168] PLUGIN_HOST(698168): PluginManagerExtImpl/loadPlugin(/opt/arduino-ide/resources/app/plugins/cortex-debug/extension/dist/extension.js)
2024-01-06 22:55:07 2024-01-06T17:25:07.005Z root INFO [hosted-plugin: 698168] Debug configuration provider has been registered: cortex-debug, trigger: 1
2024-01-06 22:55:07 2024-01-06T17:25:07.006Z root INFO [hosted-plugin: 698168] GDB server console created
2024-01-06 22:55:07 2024-01-06T17:25:07.010Z root INFO [1dc240fc-b729-4556-b69b-3972bda85e52] Starting plugins.
2024-01-06 22:55:07 2024-01-06T17:25:07.011Z root INFO [1dc240fc-b729-4556-b69b-3972bda85e52] Start of 23 plugins: 478.6 ms [Finished 1902.047 s after frontend start]
2024-01-06 22:55:07 2024-01-06T17:25:07.019Z root ERROR [hosted-plugin: 698168] ApplicationInsights:CorrelationIdManager [
  Error: getaddrinfo EAI_AGAIN dc.services.visualstudio.com
      at GetAddrInfoReqWrap.onlookup [as oncomplete] (node:dns:107:26) {
    errno: -3001,
    code: 'EAI_AGAIN',
    syscall: 'getaddrinfo',
    hostname: 'dc.services.visualstudio.com'
  }
]
2024-01-06 22:55:08 2024-01-06T17:25:08.022Z root ERROR [hosted-plugin: 698168] Promise rejection not handled in one second: Error: View resolver already registered for cortex-debug.rtos , reason: Error: View resolver already registered for cortex-debug.rtos
With stack trace: Error: View resolver already registered for cortex-debug.rtos
    at n.registerWebviewView (file:///opt/arduino-ide/resources/app/lib/frontend/bundle.js:2:7918151)
    at d.$registerWebviewViewProvider (file:///opt/arduino-ide/resources/app/lib/frontend/bundle.js:2:7957688)
    at file:///opt/arduino-ide/resources/app/lib/frontend/bundle.js:2:7621065
    at async c.handleRequest (file:///opt/arduino-ide/resources/app/lib/frontend/bundle.js:2:3015149)
2024-01-06 23:11:55 2024-01-06T17:41:55.345Z daemon INFO time="2024-01-06T23:11:55+05:30" level=info msg="from discovery builtin:serial-discovery received message type: add, port: /dev/ttyUSB0"
2024-01-06 23:11:56 2024-01-06T17:41:56.803Z discovery-log INFO {"eventType":"add","port":{"matchingBoardsList":[],"port":{"address":"/dev/ttyUSB0","label":"/dev/ttyUSB0","protocol":"serial","protocolLabel":"Serial Port (USB)","propertiesMap":[["pid","0xea60"],["serialNumber","0001"],["vid","0x10c4"]],"hardwareId":"0001"}},"error":""}
